2025.11.12-15:17:37.543[32m info [39m [caliper] [cli-launch-manager] 	Binding specification is present, performing binding for "besu:latest"
2025.11.12-15:17:37.544[33m warn [39m [caliper] [bind] 	Working directory not specified. Using "/home/cpqd/Documentos/Hyperleadger-Caliper"
2025.11.12-15:17:37.544[32m info [39m [caliper] [bind] 	Binding for besu@latest. This might take some time...
2025.11.12-15:17:37.544[32m info [39m [caliper] [bind] 	Using working directory: /home/cpqd/Documentos/Hyperleadger-Caliper
2025.11.12-15:17:37.544[32m info [39m [caliper] [bind] 	Calling npm with: install web3@1.3.0

up to date, audited 821 packages in 2s

68 packages are looking for funding
  run `npm fund` for details

58 vulnerabilities (5 low, 10 moderate, 17 high, 26 critical)

To address issues that do not require attention, run:
  npm audit fix

To address all issues (including breaking changes), run:
  npm audit fix --force

Run `npm audit` for details.
2025.11.12-15:17:39.397[32m info [39m [caliper] [cli-launch-manager] 	Set workspace path: /home/cpqd/Documentos/Hyperleadger-Caliper
2025.11.12-15:17:39.398[32m info [39m [caliper] [cli-launch-manager] 	Set benchmark configuration path: /home/cpqd/Documentos/Hyperleadger-Caliper/benchmarks/scenario-monitoring/Simple/config-transfer.yaml
2025.11.12-15:17:39.398[32m info [39m [caliper] [cli-launch-manager] 	Set network configuration path: /home/cpqd/Documentos/Hyperleadger-Caliper/networks/besu/networkconfig.json
2025.11.12-15:17:39.398[32m info [39m [caliper] [cli-launch-manager] 	Set SUT type: ethereum
2025.11.12-15:17:39.614[32m info [39m [caliper] [benchmark-validator] 	No observer specified, will default to `none`
2025.11.12-15:17:39.614[32m info [39m [caliper] [caliper-engine] 	Starting benchmark flow
2025.11.12-15:17:39.614[32m info [39m [caliper] [caliper-engine] 	Network configuration attribute "caliper.command.start" is not present, skipping start command
2025.11.12-15:17:39.619[32m info [39m [caliper] [caliper-engine] 	Executed "init" step in 0 seconds
2025.11.12-15:17:39.619[32m info [39m [caliper] [caliper-engine] 	Skipping install smart contract phase due to benchmark flow conditioning
2025.11.12-15:17:39.620[32m info [39m [caliper] [monitor.js] 	Attempting to create resource monitor of type docker
2025.11.12-15:17:39.621[32m info [39m [caliper] [default-observer] 	Observer interval set to 5000 milliseconds
2025.11.12-15:17:39.622[32m info [39m [caliper] [round-orchestrator] 	Preparing worker connections
2025.11.12-15:17:39.623[32m info [39m [caliper] [worker-orchestrator] 	Launching worker 1 of 1
2025.11.12-15:17:39.625[32m info [39m [caliper] [worker-orchestrator] 	Messenger not configured, entering configure phase...
2025.11.12-15:17:39.625[32m info [39m [caliper] [worker-orchestrator] 	No existing workers detected, entering worker launch phase...
2025.11.12-15:17:39.626[32m info [39m [caliper] [worker-orchestrator] 	Waiting for 1 workers to be connected...
2025.11.12-15:17:39.804[32m info [39m [caliper] [cli-launch-worker] 	Worker is a locally forked process, skipping binding step already performed by the manager process
2025.11.12-15:17:39.805[32m info [39m [caliper] [cli-launch-worker] 	Set workspace path: /home/cpqd/Documentos/Hyperleadger-Caliper
2025.11.12-15:17:39.805[32m info [39m [caliper] [cli-launch-worker] 	Set benchmark configuration path: /home/cpqd/Documentos/Hyperleadger-Caliper/benchmarks/scenario-monitoring/Simple/config-transfer.yaml
2025.11.12-15:17:39.805[32m info [39m [caliper] [cli-launch-worker] 	Set network configuration path: /home/cpqd/Documentos/Hyperleadger-Caliper/networks/besu/networkconfig.json
2025.11.12-15:17:39.805[32m info [39m [caliper] [cli-launch-worker] 	Set SUT type: ethereum
2025.11.12-15:17:40.058[32m info [39m [caliper] [worker-orchestrator] 	1 workers connected, progressing to worker assignment phase.
2025.11.12-15:17:40.058[32m info [39m [caliper] [worker-orchestrator] 	Workers currently unassigned, awaiting index assignment...
2025.11.12-15:17:40.058[32m info [39m [caliper] [worker-orchestrator] 	Waiting for 1 workers to be assigned...
2025.11.12-15:17:40.087[32m info [39m [caliper] [worker-orchestrator] 	1 workers assigned, progressing to worker initialization phase.
2025.11.12-15:17:40.087[32m info [39m [caliper] [worker-orchestrator] 	Waiting for 1 workers to be ready...
2025.11.12-15:17:40.088[32m info [39m [caliper] [worker-message-handler] 	Initializing Worker#0...
2025.11.12-15:17:40.097[32m info [39m [caliper] [worker-message-handler] 	Worker#0 initialized
2025.11.12-15:17:40.098[32m info [39m [caliper] [worker-orchestrator] 	1 workers ready, progressing to test preparation phase.
2025.11.12-15:17:40.098[32m info [39m [caliper] [round-orchestrator] 	Started round 1 (transfer)
2025.11.12-15:17:40.102[32m info [39m [caliper] [worker-message-handler] 	Preparing Worker#0 for Round#0
2025.11.12-15:17:40.125[32m info [39m [caliper] [caliper-worker] 	Info: worker 0 prepare test phase for round 0 is starting...
2025.11.12-15:17:40.128[32m info [39m [caliper] [caliper-worker] 	Info: worker 0 prepare test phase for round 0 is completed
2025.11.12-15:17:40.128[32m info [39m [caliper] [worker-message-handler] 	Worker#0 prepared for Round#0
2025.11.12-15:17:40.128[32m info [39m [caliper] [worker-orchestrator] 	1 workers prepared, progressing to test phase.
2025.11.12-15:17:42.154[32m info [39m [caliper] [round-orchestrator] 	Monitors successfully started
2025.11.12-15:17:42.157[32m info [39m [caliper] [worker-message-handler] 	Worker#0 is starting Round#0
2025.11.12-15:17:42.169[32m info [39m [caliper] [caliper-worker] 	Worker #0 starting workload loop
2025.11.12-15:17:42.202[31m error[39m [caliper] [ethereum-connector] 	Failed tx on simple calling method transfer nonce 0x0
2025.11.12-15:17:42.202[31m error[39m [caliper] [ethereum-connector] 	Error: Returned error: Sender account not authorized to send transactions
2025.11.12-15:17:42.209[31m error[39m [caliper] [ethereum-connector] 	Failed tx on simple calling method transfer nonce 0x1
2025.11.12-15:17:42.209[31m error[39m [caliper] [ethereum-connector] 	Error: Returned error: Sender account not authorized to send transactions
2025.11.12-15:17:42.214[31m error[39m [caliper] [ethereum-connector] 	Failed tx on simple calling method transfer nonce 0x2
2025.11.12-15:17:42.214[31m error[39m [caliper] [ethereum-connector] 	Error: Returned error: Sender account not authorized to send transactions
2025.11.12-15:17:42.220[31m error[39m [caliper] [ethereum-connector] 	Failed tx on simple calling method transfer nonce 0x3
2025.11.12-15:17:42.220[31m error[39m [caliper] [ethereum-connector] 	Error: Returned error: Sender account not authorized to send transactions
2025.11.12-15:17:42.222[31m error[39m [caliper] [ethereum-connector] 	Failed tx on simple calling method transfer nonce 0x4
2025.11.12-15:17:42.222[31m error[39m [caliper] [ethereum-connector] 	Error: Returned error: Sender account not authorized to send transactions
2025.11.12-15:17:42.222[31m error[39m [caliper] [ethereum-connector] 	Failed tx on simple calling method transfer nonce 0x5
2025.11.12-15:17:42.222[31m error[39m [caliper] [ethereum-connector] 	Error: Returned error: Sender account not authorized to send transactions
2025.11.12-15:17:42.228[31m error[39m [caliper] [ethereum-connector] 	Failed tx on simple calling method transfer nonce 0x6
2025.11.12-15:17:42.229[31m error[39m [caliper] [ethereum-connector] 	Error: Returned error: Sender account not authorized to send transactions
2025.11.12-15:17:42.237[31m error[39m [caliper] [ethereum-connector] 	Failed tx on simple calling method transfer nonce 0x7
2025.11.12-15:17:42.237[31m error[39m [caliper] [ethereum-connector] 	Error: Returned error: Sender account not authorized to send transactions
2025.11.12-15:17:42.247[31m error[39m [caliper] [ethereum-connector] 	Failed tx on simple calling method transfer nonce 0x8
2025.11.12-15:17:42.247[31m error[39m [caliper] [ethereum-connector] 	Error: Returned error: Sender account not authorized to send transactions
2025.11.12-15:17:42.255[31m error[39m [caliper] [ethereum-connector] 	Failed tx on simple calling method transfer nonce 0x9
2025.11.12-15:17:42.256[31m error[39m [caliper] [ethereum-connector] 	Error: Returned error: Sender account not authorized to send transactions
2025.11.12-15:17:42.264[31m error[39m [caliper] [ethereum-connector] 	Failed tx on simple calling method transfer nonce 0xa
2025.11.12-15:17:42.264[31m error[39m [caliper] [ethereum-connector] 	Error: Returned error: Sender account not authorized to send transactions
2025.11.12-15:17:42.276[31m error[39m [caliper] [ethereum-connector] 	Failed tx on simple calling method transfer nonce 0xb
2025.11.12-15:17:42.276[31m error[39m [caliper] [ethereum-connector] 	Error: Returned error: Sender account not authorized to send transactions
2025.11.12-15:17:42.282[31m error[39m [caliper] [ethereum-connector] 	Failed tx on simple calling method transfer nonce 0xc
2025.11.12-15:17:42.282[31m error[39m [caliper] [ethereum-connector] 	Error: Returned error: Sender account not authorized to send transactions
2025.11.12-15:17:42.294[31m error[39m [caliper] [ethereum-connector] 	Failed tx on simple calling method transfer nonce 0xd
2025.11.12-15:17:42.294[31m error[39m [caliper] [ethereum-connector] 	Error: Returned error: Sender account not authorized to send transactions
2025.11.12-15:17:42.302[31m error[39m [caliper] [ethereum-connector] 	Failed tx on simple calling method transfer nonce 0xe
2025.11.12-15:17:42.302[31m error[39m [caliper] [ethereum-connector] 	Error: Returned error: Sender account not authorized to send transactions
2025.11.12-15:17:42.310[31m error[39m [caliper] [ethereum-connector] 	Failed tx on simple calling method transfer nonce 0xf
2025.11.12-15:17:42.310[31m error[39m [caliper] [ethereum-connector] 	Error: Returned error: Sender account not authorized to send transactions
2025.11.12-15:17:42.320[31m error[39m [caliper] [ethereum-connector] 	Failed tx on simple calling method transfer nonce 0x10
2025.11.12-15:17:42.320[31m error[39m [caliper] [ethereum-connector] 	Error: Returned error: Sender account not authorized to send transactions
2025.11.12-15:17:42.328[31m error[39m [caliper] [ethereum-connector] 	Failed tx on simple calling method transfer nonce 0x11
2025.11.12-15:17:42.328[31m error[39m [caliper] [ethereum-connector] 	Error: Returned error: Sender account not authorized to send transactions
2025.11.12-15:17:42.336[31m error[39m [caliper] [ethereum-connector] 	Failed tx on simple calling method transfer nonce 0x12
2025.11.12-15:17:42.336[31m error[39m [caliper] [ethereum-connector] 	Error: Returned error: Sender account not authorized to send transactions
2025.11.12-15:17:42.345[31m error[39m [caliper] [ethereum-connector] 	Failed tx on simple calling method transfer nonce 0x13
2025.11.12-15:17:42.345[31m error[39m [caliper] [ethereum-connector] 	Error: Returned error: Sender account not authorized to send transactions
2025.11.12-15:17:42.355[31m error[39m [caliper] [ethereum-connector] 	Failed tx on simple calling method transfer nonce 0x14
2025.11.12-15:17:42.355[31m error[39m [caliper] [ethereum-connector] 	Error: Returned error: Sender account not authorized to send transactions
2025.11.12-15:17:42.364[31m error[39m [caliper] [ethereum-connector] 	Failed tx on simple calling method transfer nonce 0x15
2025.11.12-15:17:42.364[31m error[39m [caliper] [ethereum-connector] 	Error: Returned error: Sender account not authorized to send transactions
2025.11.12-15:17:42.374[31m error[39m [caliper] [ethereum-connector] 	Failed tx on simple calling method transfer nonce 0x16
2025.11.12-15:17:42.374[31m error[39m [caliper] [ethereum-connector] 	Error: Returned error: Sender account not authorized to send transactions
2025.11.12-15:17:42.384[31m error[39m [caliper] [ethereum-connector] 	Failed tx on simple calling method transfer nonce 0x17
2025.11.12-15:17:42.384[31m error[39m [caliper] [ethereum-connector] 	Error: Returned error: Sender account not authorized to send transactions
2025.11.12-15:17:42.391[31m error[39m [caliper] [ethereum-connector] 	Failed tx on simple calling method transfer nonce 0x18
2025.11.12-15:17:42.391[31m error[39m [caliper] [ethereum-connector] 	Error: Returned error: Sender account not authorized to send transactions
2025.11.12-15:17:42.403[31m error[39m [caliper] [ethereum-connector] 	Failed tx on simple calling method transfer nonce 0x19
2025.11.12-15:17:42.403[31m error[39m [caliper] [ethereum-connector] 	Error: Returned error: Sender account not authorized to send transactions
2025.11.12-15:17:42.412[31m error[39m [caliper] [ethereum-connector] 	Failed tx on simple calling method transfer nonce 0x1a
2025.11.12-15:17:42.412[31m error[39m [caliper] [ethereum-connector] 	Error: Returned error: Sender account not authorized to send transactions
2025.11.12-15:17:42.419[31m error[39m [caliper] [ethereum-connector] 	Failed tx on simple calling method transfer nonce 0x1b
2025.11.12-15:17:42.419[31m error[39m [caliper] [ethereum-connector] 	Error: Returned error: Sender account not authorized to send transactions
2025.11.12-15:17:42.427[31m error[39m [caliper] [ethereum-connector] 	Failed tx on simple calling method transfer nonce 0x1c
2025.11.12-15:17:42.427[31m error[39m [caliper] [ethereum-connector] 	Error: Returned error: Sender account not authorized to send transactions
2025.11.12-15:17:42.437[31m error[39m [caliper] [ethereum-connector] 	Failed tx on simple calling method transfer nonce 0x1d
2025.11.12-15:17:42.437[31m error[39m [caliper] [ethereum-connector] 	Error: Returned error: Sender account not authorized to send transactions
2025.11.12-15:17:42.448[31m error[39m [caliper] [ethereum-connector] 	Failed tx on simple calling method transfer nonce 0x1e
2025.11.12-15:17:42.448[31m error[39m [caliper] [ethereum-connector] 	Error: Returned error: Sender account not authorized to send transactions
2025.11.12-15:17:42.455[31m error[39m [caliper] [ethereum-connector] 	Failed tx on simple calling method transfer nonce 0x1f
2025.11.12-15:17:42.455[31m error[39m [caliper] [ethereum-connector] 	Error: Returned error: Sender account not authorized to send transactions
2025.11.12-15:17:42.464[31m error[39m [caliper] [ethereum-connector] 	Failed tx on simple calling method transfer nonce 0x20
2025.11.12-15:17:42.464[31m error[39m [caliper] [ethereum-connector] 	Error: Returned error: Sender account not authorized to send transactions
2025.11.12-15:17:42.475[31m error[39m [caliper] [ethereum-connector] 	Failed tx on simple calling method transfer nonce 0x21
2025.11.12-15:17:42.475[31m error[39m [caliper] [ethereum-connector] 	Error: Returned error: Sender account not authorized to send transactions
2025.11.12-15:17:42.483[31m error[39m [caliper] [ethereum-connector] 	Failed tx on simple calling method transfer nonce 0x22
2025.11.12-15:17:42.483[31m error[39m [caliper] [ethereum-connector] 	Error: Returned error: Sender account not authorized to send transactions
2025.11.12-15:17:42.493[31m error[39m [caliper] [ethereum-connector] 	Failed tx on simple calling method transfer nonce 0x23
2025.11.12-15:17:42.493[31m error[39m [caliper] [ethereum-connector] 	Error: Returned error: Sender account not authorized to send transactions
2025.11.12-15:17:42.501[31m error[39m [caliper] [ethereum-connector] 	Failed tx on simple calling method transfer nonce 0x24
2025.11.12-15:17:42.501[31m error[39m [caliper] [ethereum-connector] 	Error: Returned error: Sender account not authorized to send transactions
2025.11.12-15:17:42.509[31m error[39m [caliper] [ethereum-connector] 	Failed tx on simple calling method transfer nonce 0x25
2025.11.12-15:17:42.509[31m error[39m [caliper] [ethereum-connector] 	Error: Returned error: Sender account not authorized to send transactions
2025.11.12-15:17:42.519[31m error[39m [caliper] [ethereum-connector] 	Failed tx on simple calling method transfer nonce 0x26
2025.11.12-15:17:42.519[31m error[39m [caliper] [ethereum-connector] 	Error: Returned error: Sender account not authorized to send transactions
2025.11.12-15:17:42.528[31m error[39m [caliper] [ethereum-connector] 	Failed tx on simple calling method transfer nonce 0x27
2025.11.12-15:17:42.528[31m error[39m [caliper] [ethereum-connector] 	Error: Returned error: Sender account not authorized to send transactions
2025.11.12-15:17:42.538[31m error[39m [caliper] [ethereum-connector] 	Failed tx on simple calling method transfer nonce 0x28
2025.11.12-15:17:42.538[31m error[39m [caliper] [ethereum-connector] 	Error: Returned error: Sender account not authorized to send transactions
2025.11.12-15:17:42.546[31m error[39m [caliper] [ethereum-connector] 	Failed tx on simple calling method transfer nonce 0x29
2025.11.12-15:17:42.546[31m error[39m [caliper] [ethereum-connector] 	Error: Returned error: Sender account not authorized to send transactions
2025.11.12-15:17:42.555[31m error[39m [caliper] [ethereum-connector] 	Failed tx on simple calling method transfer nonce 0x2a
2025.11.12-15:17:42.555[31m error[39m [caliper] [ethereum-connector] 	Error: Returned error: Sender account not authorized to send transactions
2025.11.12-15:17:42.564[31m error[39m [caliper] [ethereum-connector] 	Failed tx on simple calling method transfer nonce 0x2b
2025.11.12-15:17:42.564[31m error[39m [caliper] [ethereum-connector] 	Error: Returned error: Sender account not authorized to send transactions
2025.11.12-15:17:42.575[31m error[39m [caliper] [ethereum-connector] 	Failed tx on simple calling method transfer nonce 0x2c
2025.11.12-15:17:42.575[31m error[39m [caliper] [ethereum-connector] 	Error: Returned error: Sender account not authorized to send transactions
2025.11.12-15:17:42.583[31m error[39m [caliper] [ethereum-connector] 	Failed tx on simple calling method transfer nonce 0x2d
2025.11.12-15:17:42.583[31m error[39m [caliper] [ethereum-connector] 	Error: Returned error: Sender account not authorized to send transactions
2025.11.12-15:17:42.591[31m error[39m [caliper] [ethereum-connector] 	Failed tx on simple calling method transfer nonce 0x2e
2025.11.12-15:17:42.591[31m error[39m [caliper] [ethereum-connector] 	Error: Returned error: Sender account not authorized to send transactions
2025.11.12-15:17:42.602[31m error[39m [caliper] [ethereum-connector] 	Failed tx on simple calling method transfer nonce 0x2f
2025.11.12-15:17:42.603[31m error[39m [caliper] [ethereum-connector] 	Error: Returned error: Sender account not authorized to send transactions
2025.11.12-15:17:42.611[31m error[39m [caliper] [ethereum-connector] 	Failed tx on simple calling method transfer nonce 0x30
2025.11.12-15:17:42.611[31m error[39m [caliper] [ethereum-connector] 	Error: Returned error: Sender account not authorized to send transactions
2025.11.12-15:17:42.623[31m error[39m [caliper] [ethereum-connector] 	Failed tx on simple calling method transfer nonce 0x31
2025.11.12-15:17:42.623[31m error[39m [caliper] [ethereum-connector] 	Error: Returned error: Sender account not authorized to send transactions
2025.11.12-15:17:43.717[32m info [39m [caliper] [worker-message-handler] 	Worker#0 finished Round#0
2025.11.12-15:17:48.735[32m info [39m [caliper] [default-observer] 	Resetting txCount indicator count
2025.11.12-15:17:48.736[32m info [39m [caliper] [report-builder] 	### Test result ###
2025.11.12-15:17:48.738[32m info [39m [caliper] [report-builder] 	
+----------+------+------+-----------------+-----------------+-----------------+-----------------+------------------+
| Name     | Succ | Fail | Send Rate (TPS) | Max Latency (s) | Min Latency (s) | Avg Latency (s) | Throughput (TPS) |
|----------|------|------|-----------------|-----------------|-----------------|-----------------|------------------|
| transfer | 0    | 50   | 112.9           | -               | -               | -               | 110.6            |
+----------+------+------+-----------------+-----------------+-----------------+-----------------+------------------+

2025.11.12-15:17:48.741[32m info [39m [caliper] [report-builder] 	### docker resource stats ###'
2025.11.12-15:17:48.742[32m info [39m [caliper] [report-builder] 	
+-------------+-----------+-----------+------------------+------------------+----------------+-----------------+----------------+---------------+
| Name        | CPU%(max) | CPU%(avg) | Memory(max) [MB] | Memory(avg) [MB] | Traffic In [B] | Traffic Out [B] | Disc Write [B] | Disc Read [B] |
|-------------|-----------|-----------|------------------|------------------|----------------|-----------------|----------------|---------------|
| /node-besu2 | 0.0225    | 0.0225    | 438              | 438              | 0.00           | 0.00            | 0.00           | 0.00          |
|-------------|-----------|-----------|------------------|------------------|----------------|-----------------|----------------|---------------|
| /node-besu6 | 0.02125   | 0.02125   | 607              | 607              | 0.00           | 0.00            | 0.00           | 0.00          |
|-------------|-----------|-----------|------------------|------------------|----------------|-----------------|----------------|---------------|
| /node-besu1 | 0.05      | 0.05      | 452              | 452              | 0.00           | 0.00            | 0.00           | 0.00          |
|-------------|-----------|-----------|------------------|------------------|----------------|-----------------|----------------|---------------|
| /node-besu3 | 0.0325    | 0.0325    | 665              | 665              | 0.00           | 0.00            | 0.00           | 0.00          |
|-------------|-----------|-----------|------------------|------------------|----------------|-----------------|----------------|---------------|
| /node-besu4 | 0.0325    | 0.0325    | 386              | 386              | 0.00           | 0.00            | 0.00           | 0.00          |
|-------------|-----------|-----------|------------------|------------------|----------------|-----------------|----------------|---------------|
| /node-besu5 | 0.0175    | 0.0175    | 483              | 483              | 0.00           | 0.00            | 0.00           | 0.00          |
+-------------+-----------+-----------+------------------+------------------+----------------+-----------------+----------------+---------------+

2025.11.12-15:17:48.743[32m info [39m [caliper] [round-orchestrator] 	Finished round 1 (transfer) in 0.549 seconds
2025.11.12-15:17:48.743[32m info [39m [caliper] [monitor.js] 	Stopping all monitors
2025.11.12-15:17:48.843[32m info [39m [caliper] [report-builder] 	### All test results ###
2025.11.12-15:17:48.846[32m info [39m [caliper] [report-builder] 	
+----------+------+------+-----------------+-----------------+-----------------+-----------------+------------------+
| Name     | Succ | Fail | Send Rate (TPS) | Max Latency (s) | Min Latency (s) | Avg Latency (s) | Throughput (TPS) |
|----------|------|------|-----------------|-----------------|-----------------|-----------------|------------------|
| transfer | 0    | 50   | 112.9           | -               | -               | -               | 110.6            |
+----------+------+------+-----------------+-----------------+-----------------+-----------------+------------------+

2025.11.12-15:17:48.857[32m info [39m [caliper] [report-builder] 	Generated report with path /home/cpqd/Documentos/Hyperleadger-Caliper/report.html
2025.11.12-15:17:48.857[32m info [39m [caliper] [monitor.js] 	Stopping all monitors
2025.11.12-15:17:48.857[32m info [39m [caliper] [worker-orchestrator] 	Sending exit message to connected workers
2025.11.12-15:17:48.857[32m info [39m [caliper] [round-orchestrator] 	Benchmark finished in 8.759 seconds. Total rounds: 1. Successful rounds: 1. Failed rounds: 0.
2025.11.12-15:17:48.857[32m info [39m [caliper] [caliper-engine] 	Network configuration attribute "caliper.command.end" is not present, skipping end command
2025.11.12-15:17:48.857[32m info [39m [caliper] [cli-launch-manager] 	Benchmark successfully finished
2025.11.12-15:17:48.858[32m info [39m [caliper] [worker-message-handler] 	Worker#0 is exiting
