2025.11.12-16:46:21.250[32m info [39m [caliper] [cli-launch-manager] 	Binding specification is present, performing binding for "besu:latest"
2025.11.12-16:46:21.253[33m warn [39m [caliper] [bind] 	Working directory not specified. Using "/home/cpqd/Documentos/Hyperleadger-Caliper"
2025.11.12-16:46:21.253[32m info [39m [caliper] [bind] 	Binding for besu@latest. This might take some time...
2025.11.12-16:46:21.253[32m info [39m [caliper] [bind] 	Using working directory: /home/cpqd/Documentos/Hyperleadger-Caliper
2025.11.12-16:46:21.254[32m info [39m [caliper] [bind] 	Calling npm with: install web3@1.3.0

up to date, audited 821 packages in 4s

68 packages are looking for funding
  run `npm fund` for details

58 vulnerabilities (5 low, 10 moderate, 17 high, 26 critical)

To address issues that do not require attention, run:
  npm audit fix

To address all issues (including breaking changes), run:
  npm audit fix --force

Run `npm audit` for details.
2025.11.12-16:46:26.391[32m info [39m [caliper] [cli-launch-manager] 	Set workspace path: /home/cpqd/Documentos/Hyperleadger-Caliper
2025.11.12-16:46:26.392[32m info [39m [caliper] [cli-launch-manager] 	Set benchmark configuration path: /home/cpqd/Documentos/Hyperleadger-Caliper/benchmarks/scenario-monitoring/Simple/config-transfer.yaml
2025.11.12-16:46:26.393[32m info [39m [caliper] [cli-launch-manager] 	Set network configuration path: /home/cpqd/Documentos/Hyperleadger-Caliper/networks/besu/networkconfig.json
2025.11.12-16:46:26.393[32m info [39m [caliper] [cli-launch-manager] 	Set SUT type: ethereum
2025.11.12-16:46:27.261[32m info [39m [caliper] [benchmark-validator] 	No observer specified, will default to `none`
2025.11.12-16:46:27.262[32m info [39m [caliper] [caliper-engine] 	Starting benchmark flow
2025.11.12-16:46:27.263[32m info [39m [caliper] [caliper-engine] 	Network configuration attribute "caliper.command.start" is not present, skipping start command
2025.11.12-16:46:27.290[32m info [39m [caliper] [caliper-engine] 	Executed "init" step in 0 seconds
2025.11.12-16:46:27.291[32m info [39m [caliper] [caliper-engine] 	Skipping install smart contract phase due to benchmark flow conditioning
2025.11.12-16:46:27.309[32m info [39m [caliper] [monitor.js] 	Attempting to create resource monitor of type docker
2025.11.12-16:46:27.312[32m info [39m [caliper] [default-observer] 	Observer interval set to 5000 milliseconds
2025.11.12-16:46:27.320[32m info [39m [caliper] [round-orchestrator] 	Preparing worker connections
2025.11.12-16:46:27.321[32m info [39m [caliper] [worker-orchestrator] 	Launching worker 1 of 1
2025.11.12-16:46:27.330[32m info [39m [caliper] [worker-orchestrator] 	Messenger not configured, entering configure phase...
2025.11.12-16:46:27.332[32m info [39m [caliper] [worker-orchestrator] 	No existing workers detected, entering worker launch phase...
2025.11.12-16:46:27.333[32m info [39m [caliper] [worker-orchestrator] 	Waiting for 1 workers to be connected...
2025.11.12-16:46:27.897[32m info [39m [caliper] [cli-launch-worker] 	Worker is a locally forked process, skipping binding step already performed by the manager process
2025.11.12-16:46:27.900[32m info [39m [caliper] [cli-launch-worker] 	Set workspace path: /home/cpqd/Documentos/Hyperleadger-Caliper
2025.11.12-16:46:27.900[32m info [39m [caliper] [cli-launch-worker] 	Set benchmark configuration path: /home/cpqd/Documentos/Hyperleadger-Caliper/benchmarks/scenario-monitoring/Simple/config-transfer.yaml
2025.11.12-16:46:27.900[32m info [39m [caliper] [cli-launch-worker] 	Set network configuration path: /home/cpqd/Documentos/Hyperleadger-Caliper/networks/besu/networkconfig.json
2025.11.12-16:46:27.901[32m info [39m [caliper] [cli-launch-worker] 	Set SUT type: ethereum
2025.11.12-16:46:28.611[32m info [39m [caliper] [worker-orchestrator] 	1 workers connected, progressing to worker assignment phase.
2025.11.12-16:46:28.611[32m info [39m [caliper] [worker-orchestrator] 	Workers currently unassigned, awaiting index assignment...
2025.11.12-16:46:28.612[32m info [39m [caliper] [worker-orchestrator] 	Waiting for 1 workers to be assigned...
2025.11.12-16:46:28.776[32m info [39m [caliper] [worker-orchestrator] 	1 workers assigned, progressing to worker initialization phase.
2025.11.12-16:46:28.776[32m info [39m [caliper] [worker-orchestrator] 	Waiting for 1 workers to be ready...
2025.11.12-16:46:28.777[32m info [39m [caliper] [worker-message-handler] 	Initializing Worker#0...
2025.11.12-16:46:28.794[32m info [39m [caliper] [worker-message-handler] 	Worker#0 initialized
2025.11.12-16:46:28.796[32m info [39m [caliper] [worker-orchestrator] 	1 workers ready, progressing to test preparation phase.
2025.11.12-16:46:28.796[32m info [39m [caliper] [round-orchestrator] 	Started round 1 (transfer)
2025.11.12-16:46:28.800[32m info [39m [caliper] [worker-message-handler] 	Preparing Worker#0 for Round#0
2025.11.12-16:46:28.808[32m info [39m [caliper] [caliper-worker] 	Worker [0] encountered an error during prepare test phase for round 0: Error: connection not open on send()
    at Object.ConnectionError (/home/cpqd/Documentos/Hyperleadger-Caliper/node_modules/web3-core-helpers/lib/errors.js:66:23)
    at Object.ConnectionNotOpenError (/home/cpqd/Documentos/Hyperleadger-Caliper/node_modules/web3-core-helpers/lib/errors.js:49:21)
    at WebsocketProvider.send (/home/cpqd/Documentos/Hyperleadger-Caliper/node_modules/web3-providers-ws/lib/index.js:269:33)
    at RequestManager.send (/home/cpqd/Documentos/Hyperleadger-Caliper/node_modules/web3-core-requestmanager/lib/index.js:147:23)
    at sendRequest (/home/cpqd/Documentos/Hyperleadger-Caliper/node_modules/web3-core-method/lib/index.js:609:42)
    at Eth.send [as getGasPrice] (/home/cpqd/Documentos/Hyperleadger-Caliper/node_modules/web3-core-method/lib/index.js:636:13)
    at EthereumConnector.getContext (/home/cpqd/Documentos/Hyperleadger-Caliper/node_modules/@hyperledger/caliper-ethereum/lib/ethereum-connector.js:158:35)
    at CaliperWorker.prepareTest (/home/cpqd/Documentos/Hyperleadger-Caliper/node_modules/@hyperledger/caliper-core/lib/worker/caliper-worker.js:157:44)
    at WorkerMessageHandler._handlePrepareMessage (/home/cpqd/Documentos/Hyperleadger-Caliper/node_modules/@hyperledger/caliper-core/lib/worker/worker-message-handler.js:210:31)
    at ProcessMessenger.<anonymous> (/home/cpqd/Documentos/Hyperleadger-Caliper/node_modules/@hyperledger/caliper-core/lib/worker/worker-message-handler.js:89:24)
    at ProcessMessenger.emit (node:events:517:28)
    at ProcessMessenger.onMessage (/home/cpqd/Documentos/Hyperleadger-Caliper/node_modules/@hyperledger/caliper-core/lib/common/messengers/messenger-interface.js:40:14)
    at process.<anonymous> (/home/cpqd/Documentos/Hyperleadger-Caliper/node_modules/@hyperledger/caliper-core/lib/common/messengers/process/process-messenger.js:59:26)
    at process.emit (node:events:517:28)
    at emit (node:internal/child_process:944:14)
    at process.processTicksAndRejections (node:internal/process/task_queues:83:21)
2025.11.12-16:46:28.808[32m info [39m [caliper] [caliper-worker] 	Info: worker 0 prepare test phase for round 0 is completed
2025.11.12-16:46:28.809[31m error[39m [caliper] [worker-message-handler] 	Error while handling "prepare" message for Worker (234372): Error: connection not open on send()
    at Object.ConnectionError (/home/cpqd/Documentos/Hyperleadger-Caliper/node_modules/web3-core-helpers/lib/errors.js:66:23)
    at Object.ConnectionNotOpenError (/home/cpqd/Documentos/Hyperleadger-Caliper/node_modules/web3-core-helpers/lib/errors.js:49:21)
    at WebsocketProvider.send (/home/cpqd/Documentos/Hyperleadger-Caliper/node_modules/web3-providers-ws/lib/index.js:269:33)
    at RequestManager.send (/home/cpqd/Documentos/Hyperleadger-Caliper/node_modules/web3-core-requestmanager/lib/index.js:147:23)
    at sendRequest (/home/cpqd/Documentos/Hyperleadger-Caliper/node_modules/web3-core-method/lib/index.js:609:42)
    at Eth.send [as getGasPrice] (/home/cpqd/Documentos/Hyperleadger-Caliper/node_modules/web3-core-method/lib/index.js:636:13)
    at EthereumConnector.getContext (/home/cpqd/Documentos/Hyperleadger-Caliper/node_modules/@hyperledger/caliper-ethereum/lib/ethereum-connector.js:158:35)
    at CaliperWorker.prepareTest (/home/cpqd/Documentos/Hyperleadger-Caliper/node_modules/@hyperledger/caliper-core/lib/worker/caliper-worker.js:157:44)
    at WorkerMessageHandler._handlePrepareMessage (/home/cpqd/Documentos/Hyperleadger-Caliper/node_modules/@hyperledger/caliper-core/lib/worker/worker-message-handler.js:210:31)
    at ProcessMessenger.<anonymous> (/home/cpqd/Documentos/Hyperleadger-Caliper/node_modules/@hyperledger/caliper-core/lib/worker/worker-message-handler.js:89:24)
    at ProcessMessenger.emit (node:events:517:28)
    at ProcessMessenger.onMessage (/home/cpqd/Documentos/Hyperleadger-Caliper/node_modules/@hyperledger/caliper-core/lib/common/messengers/messenger-interface.js:40:14)
    at process.<anonymous> (/home/cpqd/Documentos/Hyperleadger-Caliper/node_modules/@hyperledger/caliper-core/lib/common/messengers/process/process-messenger.js:59:26)
    at process.emit (node:events:517:28)
    at emit (node:internal/child_process:944:14)
    at process.processTicksAndRejections (node:internal/process/task_queues:83:21)
2025.11.12-16:46:28.810[31m error[39m [caliper] [round-orchestrator] 	Failed round 1 (transfer): Error: Error: connection not open on send()
    at WorkerOrchestrator.updateWorkerPhase (/home/cpqd/Documentos/Hyperleadger-Caliper/node_modules/@hyperledger/caliper-core/lib/manager/orchestrators/worker-orchestrator.js:306:61)
    at ProcessMessenger.<anonymous> (/home/cpqd/Documentos/Hyperleadger-Caliper/node_modules/@hyperledger/caliper-core/lib/manager/orchestrators/worker-orchestrator.js:109:18)
    at ProcessMessenger.emit (node:events:517:28)
    at ProcessMessenger.onMessage (/home/cpqd/Documentos/Hyperleadger-Caliper/node_modules/@hyperledger/caliper-core/lib/common/messengers/messenger-interface.js:40:14)
    at ChildProcess.<anonymous> (/home/cpqd/Documentos/Hyperleadger-Caliper/node_modules/@hyperledger/caliper-core/lib/common/messengers/process/process-messenger.js:59:26)
    at ChildProcess.emit (node:events:517:28)
    at emit (node:internal/child_process:944:14)
    at process.processTicksAndRejections (node:internal/process/task_queues:83:21)
2025.11.12-16:46:28.811[32m info [39m [caliper] [report-builder] 	### All test results ###
2025.11.12-16:46:28.811[31m error[39m [caliper] [report-builder] 	No data within test result; implies error within configuration files
2025.11.12-16:46:28.812[31m error[39m [caliper] [round-orchestrator] 	Error while finalizing the report: Error: unrecognized report table
    at ReportBuilder.setSummaryTable (/home/cpqd/Documentos/Hyperleadger-Caliper/node_modules/@hyperledger/caliper-core/lib/manager/report/report-builder.js:142:19)
    at Report.printResultsByRound (/home/cpqd/Documentos/Hyperleadger-Caliper/node_modules/@hyperledger/caliper-core/lib/manager/report/report.js:182:28)
    at RoundOrchestrator.run (/home/cpqd/Documentos/Hyperleadger-Caliper/node_modules/@hyperledger/caliper-core/lib/manager/orchestrators/round-orchestrator.js:230:25)
    at process.processTicksAndRejections (node:internal/process/task_queues:95:5)
    at async CaliperEngine.run (/home/cpqd/Documentos/Hyperleadger-Caliper/node_modules/@hyperledger/caliper-core/lib/manager/caliper-engine.js:153:17)
    at async LaunchManager.handler (/home/cpqd/Documentos/Hyperleadger-Caliper/node_modules/@hyperledger/caliper-cli/lib/launch/lib/launchManager.js:62:30)
2025.11.12-16:46:28.812[32m info [39m [caliper] [monitor.js] 	Stopping all monitors
2025.11.12-16:46:28.812[32m info [39m [caliper] [worker-orchestrator] 	Sending exit message to connected workers
2025.11.12-16:46:28.813[32m info [39m [caliper] [round-orchestrator] 	Benchmark finished in 0.017 seconds. Total rounds: 1. Successful rounds: 0. Failed rounds: 1.
2025.11.12-16:46:28.813[32m info [39m [caliper] [caliper-engine] 	Network configuration attribute "caliper.command.end" is not present, skipping end command
2025.11.12-16:46:28.813[32m info [39m [caliper] [cli-launch-manager] 	Benchmark successfully finished
2025.11.12-16:46:28.813[32m info [39m [caliper] [worker-message-handler] 	Worker#0 is exiting
