2025.11.12-15:42:00.462[32m info [39m [caliper] [cli-launch-manager] 	Binding specification is present, performing binding for "besu:latest"
2025.11.12-15:42:00.463[33m warn [39m [caliper] [bind] 	Working directory not specified. Using "/home/cpqd/Documentos/Hyperleadger-Caliper"
2025.11.12-15:42:00.463[32m info [39m [caliper] [bind] 	Binding for besu@latest. This might take some time...
2025.11.12-15:42:00.463[32m info [39m [caliper] [bind] 	Using working directory: /home/cpqd/Documentos/Hyperleadger-Caliper
2025.11.12-15:42:00.463[32m info [39m [caliper] [bind] 	Calling npm with: install web3@1.3.0

up to date, audited 821 packages in 2s

68 packages are looking for funding
  run `npm fund` for details

58 vulnerabilities (5 low, 10 moderate, 17 high, 26 critical)

To address issues that do not require attention, run:
  npm audit fix

To address all issues (including breaking changes), run:
  npm audit fix --force

Run `npm audit` for details.
2025.11.12-15:42:02.308[32m info [39m [caliper] [cli-launch-manager] 	Set workspace path: /home/cpqd/Documentos/Hyperleadger-Caliper
2025.11.12-15:42:02.308[32m info [39m [caliper] [cli-launch-manager] 	Set benchmark configuration path: /home/cpqd/Documentos/Hyperleadger-Caliper/benchmarks/scenario-monitoring/Simple/config-transfer.yaml
2025.11.12-15:42:02.308[32m info [39m [caliper] [cli-launch-manager] 	Set network configuration path: /home/cpqd/Documentos/Hyperleadger-Caliper/networks/besu/networkconfig.json
2025.11.12-15:42:02.309[32m info [39m [caliper] [cli-launch-manager] 	Set SUT type: ethereum
2025.11.12-15:42:02.532[32m info [39m [caliper] [benchmark-validator] 	No observer specified, will default to `none`
2025.11.12-15:42:02.532[32m info [39m [caliper] [caliper-engine] 	Starting benchmark flow
2025.11.12-15:42:02.533[32m info [39m [caliper] [caliper-engine] 	Network configuration attribute "caliper.command.start" is not present, skipping start command
2025.11.12-15:42:02.537[32m info [39m [caliper] [caliper-engine] 	Executed "init" step in 0 seconds
2025.11.12-15:42:02.537[32m info [39m [caliper] [caliper-engine] 	Skipping install smart contract phase due to benchmark flow conditioning
2025.11.12-15:42:02.539[32m info [39m [caliper] [monitor.js] 	Attempting to create resource monitor of type docker
2025.11.12-15:42:02.539[32m info [39m [caliper] [default-observer] 	Observer interval set to 5000 milliseconds
2025.11.12-15:42:02.541[32m info [39m [caliper] [round-orchestrator] 	Preparing worker connections
2025.11.12-15:42:02.541[32m info [39m [caliper] [worker-orchestrator] 	Launching worker 1 of 1
2025.11.12-15:42:02.544[32m info [39m [caliper] [worker-orchestrator] 	Messenger not configured, entering configure phase...
2025.11.12-15:42:02.544[32m info [39m [caliper] [worker-orchestrator] 	No existing workers detected, entering worker launch phase...
2025.11.12-15:42:02.544[32m info [39m [caliper] [worker-orchestrator] 	Waiting for 1 workers to be connected...
2025.11.12-15:42:02.715[32m info [39m [caliper] [cli-launch-worker] 	Worker is a locally forked process, skipping binding step already performed by the manager process
2025.11.12-15:42:02.716[32m info [39m [caliper] [cli-launch-worker] 	Set workspace path: /home/cpqd/Documentos/Hyperleadger-Caliper
2025.11.12-15:42:02.716[32m info [39m [caliper] [cli-launch-worker] 	Set benchmark configuration path: /home/cpqd/Documentos/Hyperleadger-Caliper/benchmarks/scenario-monitoring/Simple/config-transfer.yaml
2025.11.12-15:42:02.716[32m info [39m [caliper] [cli-launch-worker] 	Set network configuration path: /home/cpqd/Documentos/Hyperleadger-Caliper/networks/besu/networkconfig.json
2025.11.12-15:42:02.716[32m info [39m [caliper] [cli-launch-worker] 	Set SUT type: ethereum
2025.11.12-15:42:02.945[32m info [39m [caliper] [worker-orchestrator] 	1 workers connected, progressing to worker assignment phase.
2025.11.12-15:42:02.945[32m info [39m [caliper] [worker-orchestrator] 	Workers currently unassigned, awaiting index assignment...
2025.11.12-15:42:02.945[32m info [39m [caliper] [worker-orchestrator] 	Waiting for 1 workers to be assigned...
2025.11.12-15:42:02.967[32m info [39m [caliper] [worker-orchestrator] 	1 workers assigned, progressing to worker initialization phase.
2025.11.12-15:42:02.967[32m info [39m [caliper] [worker-orchestrator] 	Waiting for 1 workers to be ready...
2025.11.12-15:42:02.968[32m info [39m [caliper] [worker-message-handler] 	Initializing Worker#0...
2025.11.12-15:42:02.976[32m info [39m [caliper] [worker-message-handler] 	Worker#0 initialized
2025.11.12-15:42:02.976[32m info [39m [caliper] [worker-orchestrator] 	1 workers ready, progressing to test preparation phase.
2025.11.12-15:42:02.976[32m info [39m [caliper] [round-orchestrator] 	Started round 1 (transfer)
2025.11.12-15:42:02.979[32m info [39m [caliper] [worker-message-handler] 	Preparing Worker#0 for Round#0
2025.11.12-15:42:02.998[32m info [39m [caliper] [caliper-worker] 	Info: worker 0 prepare test phase for round 0 is starting...
2025.11.12-15:42:02.999[32m info [39m [caliper] [caliper-worker] 	Info: worker 0 prepare test phase for round 0 is completed
2025.11.12-15:42:03.000[32m info [39m [caliper] [worker-message-handler] 	Worker#0 prepared for Round#0
2025.11.12-15:42:03.000[32m info [39m [caliper] [worker-orchestrator] 	1 workers prepared, progressing to test phase.
2025.11.12-15:42:05.025[32m info [39m [caliper] [round-orchestrator] 	Monitors successfully started
2025.11.12-15:42:05.026[32m info [39m [caliper] [worker-message-handler] 	Worker#0 is starting Round#0
2025.11.12-15:42:05.032[32m info [39m [caliper] [caliper-worker] 	Worker #0 starting workload loop
2025.11.12-15:42:05.066[31m error[39m [caliper] [ethereum-connector] 	Failed tx on simple calling method transfer nonce 0x0
2025.11.12-15:42:05.067[31m error[39m [caliper] [ethereum-connector] 	Error: Returned error: Sender account not authorized to send transactions
2025.11.12-15:42:05.075[31m error[39m [caliper] [ethereum-connector] 	Failed tx on simple calling method transfer nonce 0x1
2025.11.12-15:42:05.075[31m error[39m [caliper] [ethereum-connector] 	Error: Returned error: Sender account not authorized to send transactions
2025.11.12-15:42:05.083[31m error[39m [caliper] [ethereum-connector] 	Failed tx on simple calling method transfer nonce 0x2
2025.11.12-15:42:05.083[31m error[39m [caliper] [ethereum-connector] 	Error: Returned error: Sender account not authorized to send transactions
2025.11.12-15:42:05.088[31m error[39m [caliper] [ethereum-connector] 	Failed tx on simple calling method transfer nonce 0x3
2025.11.12-15:42:05.089[31m error[39m [caliper] [ethereum-connector] 	Error: Returned error: Sender account not authorized to send transactions
2025.11.12-15:42:05.093[31m error[39m [caliper] [ethereum-connector] 	Failed tx on simple calling method transfer nonce 0x4
2025.11.12-15:42:05.093[31m error[39m [caliper] [ethereum-connector] 	Error: Returned error: Sender account not authorized to send transactions
2025.11.12-15:42:05.095[31m error[39m [caliper] [ethereum-connector] 	Failed tx on simple calling method transfer nonce 0x5
2025.11.12-15:42:05.095[31m error[39m [caliper] [ethereum-connector] 	Error: Returned error: Sender account not authorized to send transactions
2025.11.12-15:42:05.095[31m error[39m [caliper] [ethereum-connector] 	Failed tx on simple calling method transfer nonce 0x6
2025.11.12-15:42:05.096[31m error[39m [caliper] [ethereum-connector] 	Error: Returned error: Sender account not authorized to send transactions
2025.11.12-15:42:05.104[31m error[39m [caliper] [ethereum-connector] 	Failed tx on simple calling method transfer nonce 0x7
2025.11.12-15:42:05.104[31m error[39m [caliper] [ethereum-connector] 	Error: Returned error: Sender account not authorized to send transactions
2025.11.12-15:42:05.120[31m error[39m [caliper] [ethereum-connector] 	Failed tx on simple calling method transfer nonce 0x8
2025.11.12-15:42:05.120[31m error[39m [caliper] [ethereum-connector] 	Error: Returned error: Sender account not authorized to send transactions
2025.11.12-15:42:05.121[31m error[39m [caliper] [ethereum-connector] 	Failed tx on simple calling method transfer nonce 0x9
2025.11.12-15:42:05.121[31m error[39m [caliper] [ethereum-connector] 	Error: Returned error: Sender account not authorized to send transactions
2025.11.12-15:42:05.130[31m error[39m [caliper] [ethereum-connector] 	Failed tx on simple calling method transfer nonce 0xa
2025.11.12-15:42:05.130[31m error[39m [caliper] [ethereum-connector] 	Error: Returned error: Sender account not authorized to send transactions
2025.11.12-15:42:05.139[31m error[39m [caliper] [ethereum-connector] 	Failed tx on simple calling method transfer nonce 0xb
2025.11.12-15:42:05.139[31m error[39m [caliper] [ethereum-connector] 	Error: Returned error: Sender account not authorized to send transactions
2025.11.12-15:42:05.148[31m error[39m [caliper] [ethereum-connector] 	Failed tx on simple calling method transfer nonce 0xc
2025.11.12-15:42:05.148[31m error[39m [caliper] [ethereum-connector] 	Error: Returned error: Sender account not authorized to send transactions
2025.11.12-15:42:05.156[31m error[39m [caliper] [ethereum-connector] 	Failed tx on simple calling method transfer nonce 0xd
2025.11.12-15:42:05.157[31m error[39m [caliper] [ethereum-connector] 	Error: Returned error: Sender account not authorized to send transactions
2025.11.12-15:42:05.165[31m error[39m [caliper] [ethereum-connector] 	Failed tx on simple calling method transfer nonce 0xe
2025.11.12-15:42:05.165[31m error[39m [caliper] [ethereum-connector] 	Error: Returned error: Sender account not authorized to send transactions
2025.11.12-15:42:05.176[31m error[39m [caliper] [ethereum-connector] 	Failed tx on simple calling method transfer nonce 0xf
2025.11.12-15:42:05.176[31m error[39m [caliper] [ethereum-connector] 	Error: Returned error: Sender account not authorized to send transactions
2025.11.12-15:42:05.184[31m error[39m [caliper] [ethereum-connector] 	Failed tx on simple calling method transfer nonce 0x10
2025.11.12-15:42:05.184[31m error[39m [caliper] [ethereum-connector] 	Error: Returned error: Sender account not authorized to send transactions
2025.11.12-15:42:05.194[31m error[39m [caliper] [ethereum-connector] 	Failed tx on simple calling method transfer nonce 0x11
2025.11.12-15:42:05.194[31m error[39m [caliper] [ethereum-connector] 	Error: Returned error: Sender account not authorized to send transactions
2025.11.12-15:42:05.200[31m error[39m [caliper] [ethereum-connector] 	Failed tx on simple calling method transfer nonce 0x12
2025.11.12-15:42:05.200[31m error[39m [caliper] [ethereum-connector] 	Error: Returned error: Sender account not authorized to send transactions
2025.11.12-15:42:05.210[31m error[39m [caliper] [ethereum-connector] 	Failed tx on simple calling method transfer nonce 0x13
2025.11.12-15:42:05.210[31m error[39m [caliper] [ethereum-connector] 	Error: Returned error: Sender account not authorized to send transactions
2025.11.12-15:42:05.218[31m error[39m [caliper] [ethereum-connector] 	Failed tx on simple calling method transfer nonce 0x14
2025.11.12-15:42:05.218[31m error[39m [caliper] [ethereum-connector] 	Error: Returned error: Sender account not authorized to send transactions
2025.11.12-15:42:05.230[31m error[39m [caliper] [ethereum-connector] 	Failed tx on simple calling method transfer nonce 0x15
2025.11.12-15:42:05.230[31m error[39m [caliper] [ethereum-connector] 	Error: Returned error: Sender account not authorized to send transactions
2025.11.12-15:42:05.238[31m error[39m [caliper] [ethereum-connector] 	Failed tx on simple calling method transfer nonce 0x16
2025.11.12-15:42:05.238[31m error[39m [caliper] [ethereum-connector] 	Error: Returned error: Sender account not authorized to send transactions
2025.11.12-15:42:05.246[31m error[39m [caliper] [ethereum-connector] 	Failed tx on simple calling method transfer nonce 0x17
2025.11.12-15:42:05.246[31m error[39m [caliper] [ethereum-connector] 	Error: Returned error: Sender account not authorized to send transactions
2025.11.12-15:42:05.257[31m error[39m [caliper] [ethereum-connector] 	Failed tx on simple calling method transfer nonce 0x18
2025.11.12-15:42:05.257[31m error[39m [caliper] [ethereum-connector] 	Error: Returned error: Sender account not authorized to send transactions
2025.11.12-15:42:05.266[31m error[39m [caliper] [ethereum-connector] 	Failed tx on simple calling method transfer nonce 0x19
2025.11.12-15:42:05.266[31m error[39m [caliper] [ethereum-connector] 	Error: Returned error: Sender account not authorized to send transactions
2025.11.12-15:42:05.274[31m error[39m [caliper] [ethereum-connector] 	Failed tx on simple calling method transfer nonce 0x1a
2025.11.12-15:42:05.274[31m error[39m [caliper] [ethereum-connector] 	Error: Returned error: Sender account not authorized to send transactions
2025.11.12-15:42:05.284[31m error[39m [caliper] [ethereum-connector] 	Failed tx on simple calling method transfer nonce 0x1b
2025.11.12-15:42:05.284[31m error[39m [caliper] [ethereum-connector] 	Error: Returned error: Sender account not authorized to send transactions
2025.11.12-15:42:05.292[31m error[39m [caliper] [ethereum-connector] 	Failed tx on simple calling method transfer nonce 0x1c
2025.11.12-15:42:05.292[31m error[39m [caliper] [ethereum-connector] 	Error: Returned error: Sender account not authorized to send transactions
2025.11.12-15:42:05.300[31m error[39m [caliper] [ethereum-connector] 	Failed tx on simple calling method transfer nonce 0x1d
2025.11.12-15:42:05.300[31m error[39m [caliper] [ethereum-connector] 	Error: Returned error: Sender account not authorized to send transactions
2025.11.12-15:42:05.310[31m error[39m [caliper] [ethereum-connector] 	Failed tx on simple calling method transfer nonce 0x1e
2025.11.12-15:42:05.310[31m error[39m [caliper] [ethereum-connector] 	Error: Returned error: Sender account not authorized to send transactions
2025.11.12-15:42:05.320[31m error[39m [caliper] [ethereum-connector] 	Failed tx on simple calling method transfer nonce 0x1f
2025.11.12-15:42:05.320[31m error[39m [caliper] [ethereum-connector] 	Error: Returned error: Sender account not authorized to send transactions
2025.11.12-15:42:05.329[31m error[39m [caliper] [ethereum-connector] 	Failed tx on simple calling method transfer nonce 0x20
2025.11.12-15:42:05.329[31m error[39m [caliper] [ethereum-connector] 	Error: Returned error: Sender account not authorized to send transactions
2025.11.12-15:42:05.338[31m error[39m [caliper] [ethereum-connector] 	Failed tx on simple calling method transfer nonce 0x21
2025.11.12-15:42:05.338[31m error[39m [caliper] [ethereum-connector] 	Error: Returned error: Sender account not authorized to send transactions
2025.11.12-15:42:05.346[31m error[39m [caliper] [ethereum-connector] 	Failed tx on simple calling method transfer nonce 0x22
2025.11.12-15:42:05.346[31m error[39m [caliper] [ethereum-connector] 	Error: Returned error: Sender account not authorized to send transactions
2025.11.12-15:42:05.357[31m error[39m [caliper] [ethereum-connector] 	Failed tx on simple calling method transfer nonce 0x23
2025.11.12-15:42:05.357[31m error[39m [caliper] [ethereum-connector] 	Error: Returned error: Sender account not authorized to send transactions
2025.11.12-15:42:05.365[31m error[39m [caliper] [ethereum-connector] 	Failed tx on simple calling method transfer nonce 0x24
2025.11.12-15:42:05.365[31m error[39m [caliper] [ethereum-connector] 	Error: Returned error: Sender account not authorized to send transactions
2025.11.12-15:42:05.374[31m error[39m [caliper] [ethereum-connector] 	Failed tx on simple calling method transfer nonce 0x25
2025.11.12-15:42:05.374[31m error[39m [caliper] [ethereum-connector] 	Error: Returned error: Sender account not authorized to send transactions
2025.11.12-15:42:05.385[31m error[39m [caliper] [ethereum-connector] 	Failed tx on simple calling method transfer nonce 0x26
2025.11.12-15:42:05.385[31m error[39m [caliper] [ethereum-connector] 	Error: Returned error: Sender account not authorized to send transactions
2025.11.12-15:42:05.391[31m error[39m [caliper] [ethereum-connector] 	Failed tx on simple calling method transfer nonce 0x27
2025.11.12-15:42:05.391[31m error[39m [caliper] [ethereum-connector] 	Error: Returned error: Sender account not authorized to send transactions
2025.11.12-15:42:05.402[31m error[39m [caliper] [ethereum-connector] 	Failed tx on simple calling method transfer nonce 0x28
2025.11.12-15:42:05.402[31m error[39m [caliper] [ethereum-connector] 	Error: Returned error: Sender account not authorized to send transactions
2025.11.12-15:42:05.410[31m error[39m [caliper] [ethereum-connector] 	Failed tx on simple calling method transfer nonce 0x29
2025.11.12-15:42:05.410[31m error[39m [caliper] [ethereum-connector] 	Error: Returned error: Sender account not authorized to send transactions
2025.11.12-15:42:05.420[31m error[39m [caliper] [ethereum-connector] 	Failed tx on simple calling method transfer nonce 0x2a
2025.11.12-15:42:05.420[31m error[39m [caliper] [ethereum-connector] 	Error: Returned error: Sender account not authorized to send transactions
2025.11.12-15:42:05.427[31m error[39m [caliper] [ethereum-connector] 	Failed tx on simple calling method transfer nonce 0x2b
2025.11.12-15:42:05.427[31m error[39m [caliper] [ethereum-connector] 	Error: Returned error: Sender account not authorized to send transactions
2025.11.12-15:42:05.439[31m error[39m [caliper] [ethereum-connector] 	Failed tx on simple calling method transfer nonce 0x2c
2025.11.12-15:42:05.439[31m error[39m [caliper] [ethereum-connector] 	Error: Returned error: Sender account not authorized to send transactions
2025.11.12-15:42:05.447[31m error[39m [caliper] [ethereum-connector] 	Failed tx on simple calling method transfer nonce 0x2d
2025.11.12-15:42:05.447[31m error[39m [caliper] [ethereum-connector] 	Error: Returned error: Sender account not authorized to send transactions
2025.11.12-15:42:05.457[31m error[39m [caliper] [ethereum-connector] 	Failed tx on simple calling method transfer nonce 0x2e
2025.11.12-15:42:05.457[31m error[39m [caliper] [ethereum-connector] 	Error: Returned error: Sender account not authorized to send transactions
2025.11.12-15:42:05.466[31m error[39m [caliper] [ethereum-connector] 	Failed tx on simple calling method transfer nonce 0x2f
2025.11.12-15:42:05.466[31m error[39m [caliper] [ethereum-connector] 	Error: Returned error: Sender account not authorized to send transactions
2025.11.12-15:42:05.473[31m error[39m [caliper] [ethereum-connector] 	Failed tx on simple calling method transfer nonce 0x30
2025.11.12-15:42:05.473[31m error[39m [caliper] [ethereum-connector] 	Error: Returned error: Sender account not authorized to send transactions
2025.11.12-15:42:05.483[31m error[39m [caliper] [ethereum-connector] 	Failed tx on simple calling method transfer nonce 0x31
2025.11.12-15:42:05.483[31m error[39m [caliper] [ethereum-connector] 	Error: Returned error: Sender account not authorized to send transactions
2025.11.12-15:42:06.580[32m info [39m [caliper] [worker-message-handler] 	Worker#0 finished Round#0
2025.11.12-15:42:11.600[32m info [39m [caliper] [default-observer] 	Resetting txCount indicator count
2025.11.12-15:42:11.601[32m info [39m [caliper] [report-builder] 	### Test result ###
2025.11.12-15:42:11.605[32m info [39m [caliper] [report-builder] 	
+----------+------+------+-----------------+-----------------+-----------------+-----------------+------------------+
| Name     | Succ | Fail | Send Rate (TPS) | Max Latency (s) | Min Latency (s) | Avg Latency (s) | Throughput (TPS) |
|----------|------|------|-----------------|-----------------|-----------------|-----------------|------------------|
| transfer | 0    | 50   | 112.6           | -               | -               | -               | 111.1            |
+----------+------+------+-----------------+-----------------+-----------------+-----------------+------------------+

2025.11.12-15:42:11.608[32m info [39m [caliper] [report-builder] 	### docker resource stats ###'
2025.11.12-15:42:11.610[32m info [39m [caliper] [report-builder] 	
+-------------+-----------+-----------+------------------+------------------+----------------+-----------------+----------------+---------------+
| Name        | CPU%(max) | CPU%(avg) | Memory(max) [MB] | Memory(avg) [MB] | Traffic In [B] | Traffic Out [B] | Disc Write [B] | Disc Read [B] |
|-------------|-----------|-----------|------------------|------------------|----------------|-----------------|----------------|---------------|
| /node-besu1 | 0.01625   | 0.01625   | 424              | 424              | 0.00           | 0.00            | 0.00           | 0.00          |
|-------------|-----------|-----------|------------------|------------------|----------------|-----------------|----------------|---------------|
| /node-besu4 | 0.07625   | 0.07625   | 602              | 602              | 0.00           | 0.00            | 0.00           | 0.00          |
|-------------|-----------|-----------|------------------|------------------|----------------|-----------------|----------------|---------------|
| /node-besu3 | 0.0225    | 0.0225    | 497              | 497              | 0.00           | 0.00            | 0.00           | 0.00          |
|-------------|-----------|-----------|------------------|------------------|----------------|-----------------|----------------|---------------|
| /node-besu5 | 0.04      | 0.04      | 534              | 534              | 0.00           | 0.00            | 0.00           | 0.00          |
|-------------|-----------|-----------|------------------|------------------|----------------|-----------------|----------------|---------------|
| /node-besu2 | 0.02      | 0.02      | 413              | 413              | 0.00           | 0.00            | 0.00           | 0.00          |
|-------------|-----------|-----------|------------------|------------------|----------------|-----------------|----------------|---------------|
| /node-besu6 | 0.065     | 0.065     | 435              | 435              | 0.00           | 0.00            | 0.00           | 0.00          |
+-------------+-----------+-----------+------------------+------------------+----------------+-----------------+----------------+---------------+

2025.11.12-15:42:11.610[32m info [39m [caliper] [round-orchestrator] 	Finished round 1 (transfer) in 0.546 seconds
2025.11.12-15:42:11.610[32m info [39m [caliper] [monitor.js] 	Stopping all monitors
2025.11.12-15:42:11.711[32m info [39m [caliper] [report-builder] 	### All test results ###
2025.11.12-15:42:11.711[32m info [39m [caliper] [report-builder] 	
+----------+------+------+-----------------+-----------------+-----------------+-----------------+------------------+
| Name     | Succ | Fail | Send Rate (TPS) | Max Latency (s) | Min Latency (s) | Avg Latency (s) | Throughput (TPS) |
|----------|------|------|-----------------|-----------------|-----------------|-----------------|------------------|
| transfer | 0    | 50   | 112.6           | -               | -               | -               | 111.1            |
+----------+------+------+-----------------+-----------------+-----------------+-----------------+------------------+

2025.11.12-15:42:11.718[32m info [39m [caliper] [report-builder] 	Generated report with path /home/cpqd/Documentos/Hyperleadger-Caliper/report.html
2025.11.12-15:42:11.718[32m info [39m [caliper] [monitor.js] 	Stopping all monitors
2025.11.12-15:42:11.718[32m info [39m [caliper] [worker-orchestrator] 	Sending exit message to connected workers
2025.11.12-15:42:11.718[32m info [39m [caliper] [round-orchestrator] 	Benchmark finished in 8.742 seconds. Total rounds: 1. Successful rounds: 1. Failed rounds: 0.
2025.11.12-15:42:11.718[32m info [39m [caliper] [caliper-engine] 	Network configuration attribute "caliper.command.end" is not present, skipping end command
2025.11.12-15:42:11.718[32m info [39m [caliper] [cli-launch-manager] 	Benchmark successfully finished
2025.11.12-15:42:11.719[32m info [39m [caliper] [worker-message-handler] 	Worker#0 is exiting
