2025.11.12-16:11:00.411[32m info [39m [caliper] [cli-launch-manager] 	Binding specification is present, performing binding for "besu:latest"
2025.11.12-16:11:00.413[33m warn [39m [caliper] [bind] 	Working directory not specified. Using "/home/cpqd/Documentos/Hyperleadger-Caliper"
2025.11.12-16:11:00.413[32m info [39m [caliper] [bind] 	Binding for besu@latest. This might take some time...
2025.11.12-16:11:00.413[32m info [39m [caliper] [bind] 	Using working directory: /home/cpqd/Documentos/Hyperleadger-Caliper
2025.11.12-16:11:00.414[32m info [39m [caliper] [bind] 	Calling npm with: install web3@1.3.0

up to date, audited 821 packages in 3s

68 packages are looking for funding
  run `npm fund` for details

58 vulnerabilities (5 low, 10 moderate, 17 high, 26 critical)

To address issues that do not require attention, run:
  npm audit fix

To address all issues (including breaking changes), run:
  npm audit fix --force

Run `npm audit` for details.
2025.11.12-16:11:04.229[32m info [39m [caliper] [cli-launch-manager] 	Set workspace path: /home/cpqd/Documentos/Hyperleadger-Caliper
2025.11.12-16:11:04.229[32m info [39m [caliper] [cli-launch-manager] 	Set benchmark configuration path: /home/cpqd/Documentos/Hyperleadger-Caliper/benchmarks/scenario-monitoring/Simple/config-transfer.yaml
2025.11.12-16:11:04.230[32m info [39m [caliper] [cli-launch-manager] 	Set network configuration path: /home/cpqd/Documentos/Hyperleadger-Caliper/networks/besu/networkconfig.json
2025.11.12-16:11:04.230[32m info [39m [caliper] [cli-launch-manager] 	Set SUT type: ethereum
2025.11.12-16:11:04.865[32m info [39m [caliper] [benchmark-validator] 	No observer specified, will default to `none`
2025.11.12-16:11:04.865[32m info [39m [caliper] [caliper-engine] 	Starting benchmark flow
2025.11.12-16:11:04.866[32m info [39m [caliper] [caliper-engine] 	Network configuration attribute "caliper.command.start" is not present, skipping start command
2025.11.12-16:11:04.885[32m info [39m [caliper] [caliper-engine] 	Executed "init" step in 0 seconds
2025.11.12-16:11:04.886[32m info [39m [caliper] [caliper-engine] 	Skipping install smart contract phase due to benchmark flow conditioning
2025.11.12-16:11:04.889[32m info [39m [caliper] [monitor.js] 	Attempting to create resource monitor of type docker
2025.11.12-16:11:04.892[32m info [39m [caliper] [default-observer] 	Observer interval set to 5000 milliseconds
2025.11.12-16:11:04.898[32m info [39m [caliper] [round-orchestrator] 	Preparing worker connections
2025.11.12-16:11:04.899[32m info [39m [caliper] [worker-orchestrator] 	Launching worker 1 of 1
2025.11.12-16:11:04.906[32m info [39m [caliper] [worker-orchestrator] 	Messenger not configured, entering configure phase...
2025.11.12-16:11:04.906[32m info [39m [caliper] [worker-orchestrator] 	No existing workers detected, entering worker launch phase...
2025.11.12-16:11:04.907[32m info [39m [caliper] [worker-orchestrator] 	Waiting for 1 workers to be connected...
2025.11.12-16:11:05.442[32m info [39m [caliper] [cli-launch-worker] 	Worker is a locally forked process, skipping binding step already performed by the manager process
2025.11.12-16:11:05.444[32m info [39m [caliper] [cli-launch-worker] 	Set workspace path: /home/cpqd/Documentos/Hyperleadger-Caliper
2025.11.12-16:11:05.444[32m info [39m [caliper] [cli-launch-worker] 	Set benchmark configuration path: /home/cpqd/Documentos/Hyperleadger-Caliper/benchmarks/scenario-monitoring/Simple/config-transfer.yaml
2025.11.12-16:11:05.444[32m info [39m [caliper] [cli-launch-worker] 	Set network configuration path: /home/cpqd/Documentos/Hyperleadger-Caliper/networks/besu/networkconfig.json
2025.11.12-16:11:05.445[32m info [39m [caliper] [cli-launch-worker] 	Set SUT type: ethereum
2025.11.12-16:11:06.125[32m info [39m [caliper] [worker-orchestrator] 	1 workers connected, progressing to worker assignment phase.
2025.11.12-16:11:06.126[32m info [39m [caliper] [worker-orchestrator] 	Workers currently unassigned, awaiting index assignment...
2025.11.12-16:11:06.126[32m info [39m [caliper] [worker-orchestrator] 	Waiting for 1 workers to be assigned...
2025.11.12-16:11:06.307[32m info [39m [caliper] [worker-orchestrator] 	1 workers assigned, progressing to worker initialization phase.
2025.11.12-16:11:06.307[32m info [39m [caliper] [worker-orchestrator] 	Waiting for 1 workers to be ready...
2025.11.12-16:11:06.308[32m info [39m [caliper] [worker-message-handler] 	Initializing Worker#0...
2025.11.12-16:11:06.328[32m info [39m [caliper] [worker-message-handler] 	Worker#0 initialized
2025.11.12-16:11:06.329[32m info [39m [caliper] [worker-orchestrator] 	1 workers ready, progressing to test preparation phase.
2025.11.12-16:11:06.329[32m info [39m [caliper] [round-orchestrator] 	Started round 1 (transfer)
2025.11.12-16:11:06.332[32m info [39m [caliper] [worker-message-handler] 	Preparing Worker#0 for Round#0
2025.11.12-16:11:06.392[32m info [39m [caliper] [caliper-worker] 	Info: worker 0 prepare test phase for round 0 is starting...
2025.11.12-16:11:06.396[32m info [39m [caliper] [caliper-worker] 	Info: worker 0 prepare test phase for round 0 is completed
2025.11.12-16:11:06.396[32m info [39m [caliper] [worker-message-handler] 	Worker#0 prepared for Round#0
2025.11.12-16:11:06.397[32m info [39m [caliper] [worker-orchestrator] 	1 workers prepared, progressing to test phase.
2025.11.12-16:11:08.428[32m info [39m [caliper] [round-orchestrator] 	Monitors successfully started
2025.11.12-16:11:08.429[32m info [39m [caliper] [worker-message-handler] 	Worker#0 is starting Round#0
2025.11.12-16:11:08.438[32m info [39m [caliper] [caliper-worker] 	Worker #0 starting workload loop
2025.11.12-16:11:08.495[31m error[39m [caliper] [ethereum-connector] 	Failed tx on simple calling method transfer nonce 0x0
2025.11.12-16:11:08.495[31m error[39m [caliper] [ethereum-connector] 	Error: Returned error: Sender account not authorized to send transactions
2025.11.12-16:11:08.506[31m error[39m [caliper] [ethereum-connector] 	Failed tx on simple calling method transfer nonce 0x1
2025.11.12-16:11:08.506[31m error[39m [caliper] [ethereum-connector] 	Error: Returned error: Sender account not authorized to send transactions
2025.11.12-16:11:08.506[31m error[39m [caliper] [ethereum-connector] 	Failed tx on simple calling method transfer nonce 0x2
2025.11.12-16:11:08.506[31m error[39m [caliper] [ethereum-connector] 	Error: Returned error: Sender account not authorized to send transactions
2025.11.12-16:11:08.524[31m error[39m [caliper] [ethereum-connector] 	Failed tx on simple calling method transfer nonce 0x3
2025.11.12-16:11:08.524[31m error[39m [caliper] [ethereum-connector] 	Error: Returned error: Sender account not authorized to send transactions
2025.11.12-16:11:08.532[31m error[39m [caliper] [ethereum-connector] 	Failed tx on simple calling method transfer nonce 0x4
2025.11.12-16:11:08.533[31m error[39m [caliper] [ethereum-connector] 	Error: Returned error: Sender account not authorized to send transactions
2025.11.12-16:11:08.542[31m error[39m [caliper] [ethereum-connector] 	Failed tx on simple calling method transfer nonce 0x5
2025.11.12-16:11:08.542[31m error[39m [caliper] [ethereum-connector] 	Error: Returned error: Sender account not authorized to send transactions
2025.11.12-16:11:08.553[31m error[39m [caliper] [ethereum-connector] 	Failed tx on simple calling method transfer nonce 0x6
2025.11.12-16:11:08.554[31m error[39m [caliper] [ethereum-connector] 	Error: Returned error: Sender account not authorized to send transactions
2025.11.12-16:11:08.564[31m error[39m [caliper] [ethereum-connector] 	Failed tx on simple calling method transfer nonce 0x7
2025.11.12-16:11:08.564[31m error[39m [caliper] [ethereum-connector] 	Error: Returned error: Sender account not authorized to send transactions
2025.11.12-16:11:08.574[31m error[39m [caliper] [ethereum-connector] 	Failed tx on simple calling method transfer nonce 0x8
2025.11.12-16:11:08.575[31m error[39m [caliper] [ethereum-connector] 	Error: Returned error: Sender account not authorized to send transactions
2025.11.12-16:11:08.582[31m error[39m [caliper] [ethereum-connector] 	Failed tx on simple calling method transfer nonce 0x9
2025.11.12-16:11:08.583[31m error[39m [caliper] [ethereum-connector] 	Error: Returned error: Sender account not authorized to send transactions
2025.11.12-16:11:08.591[31m error[39m [caliper] [ethereum-connector] 	Failed tx on simple calling method transfer nonce 0xa
2025.11.12-16:11:08.591[31m error[39m [caliper] [ethereum-connector] 	Error: Returned error: Sender account not authorized to send transactions
2025.11.12-16:11:08.598[31m error[39m [caliper] [ethereum-connector] 	Failed tx on simple calling method transfer nonce 0xb
2025.11.12-16:11:08.598[31m error[39m [caliper] [ethereum-connector] 	Error: Returned error: Sender account not authorized to send transactions
2025.11.12-16:11:08.606[31m error[39m [caliper] [ethereum-connector] 	Failed tx on simple calling method transfer nonce 0xc
2025.11.12-16:11:08.606[31m error[39m [caliper] [ethereum-connector] 	Error: Returned error: Sender account not authorized to send transactions
2025.11.12-16:11:08.614[31m error[39m [caliper] [ethereum-connector] 	Failed tx on simple calling method transfer nonce 0xd
2025.11.12-16:11:08.615[31m error[39m [caliper] [ethereum-connector] 	Error: Returned error: Sender account not authorized to send transactions
2025.11.12-16:11:08.623[31m error[39m [caliper] [ethereum-connector] 	Failed tx on simple calling method transfer nonce 0xe
2025.11.12-16:11:08.624[31m error[39m [caliper] [ethereum-connector] 	Error: Returned error: Sender account not authorized to send transactions
2025.11.12-16:11:08.632[31m error[39m [caliper] [ethereum-connector] 	Failed tx on simple calling method transfer nonce 0xf
2025.11.12-16:11:08.632[31m error[39m [caliper] [ethereum-connector] 	Error: Returned error: Sender account not authorized to send transactions
2025.11.12-16:11:08.639[31m error[39m [caliper] [ethereum-connector] 	Failed tx on simple calling method transfer nonce 0x10
2025.11.12-16:11:08.640[31m error[39m [caliper] [ethereum-connector] 	Error: Returned error: Sender account not authorized to send transactions
2025.11.12-16:11:08.647[31m error[39m [caliper] [ethereum-connector] 	Failed tx on simple calling method transfer nonce 0x11
2025.11.12-16:11:08.647[31m error[39m [caliper] [ethereum-connector] 	Error: Returned error: Sender account not authorized to send transactions
2025.11.12-16:11:08.654[31m error[39m [caliper] [ethereum-connector] 	Failed tx on simple calling method transfer nonce 0x12
2025.11.12-16:11:08.655[31m error[39m [caliper] [ethereum-connector] 	Error: Returned error: Sender account not authorized to send transactions
2025.11.12-16:11:08.662[31m error[39m [caliper] [ethereum-connector] 	Failed tx on simple calling method transfer nonce 0x13
2025.11.12-16:11:08.662[31m error[39m [caliper] [ethereum-connector] 	Error: Returned error: Sender account not authorized to send transactions
2025.11.12-16:11:08.669[31m error[39m [caliper] [ethereum-connector] 	Failed tx on simple calling method transfer nonce 0x14
2025.11.12-16:11:08.669[31m error[39m [caliper] [ethereum-connector] 	Error: Returned error: Sender account not authorized to send transactions
2025.11.12-16:11:08.676[31m error[39m [caliper] [ethereum-connector] 	Failed tx on simple calling method transfer nonce 0x15
2025.11.12-16:11:08.676[31m error[39m [caliper] [ethereum-connector] 	Error: Returned error: Sender account not authorized to send transactions
2025.11.12-16:11:08.684[31m error[39m [caliper] [ethereum-connector] 	Failed tx on simple calling method transfer nonce 0x16
2025.11.12-16:11:08.684[31m error[39m [caliper] [ethereum-connector] 	Error: Returned error: Sender account not authorized to send transactions
2025.11.12-16:11:08.692[31m error[39m [caliper] [ethereum-connector] 	Failed tx on simple calling method transfer nonce 0x17
2025.11.12-16:11:08.692[31m error[39m [caliper] [ethereum-connector] 	Error: Returned error: Sender account not authorized to send transactions
2025.11.12-16:11:08.700[31m error[39m [caliper] [ethereum-connector] 	Failed tx on simple calling method transfer nonce 0x18
2025.11.12-16:11:08.700[31m error[39m [caliper] [ethereum-connector] 	Error: Returned error: Sender account not authorized to send transactions
2025.11.12-16:11:08.707[31m error[39m [caliper] [ethereum-connector] 	Failed tx on simple calling method transfer nonce 0x19
2025.11.12-16:11:08.707[31m error[39m [caliper] [ethereum-connector] 	Error: Returned error: Sender account not authorized to send transactions
2025.11.12-16:11:08.715[31m error[39m [caliper] [ethereum-connector] 	Failed tx on simple calling method transfer nonce 0x1a
2025.11.12-16:11:08.715[31m error[39m [caliper] [ethereum-connector] 	Error: Returned error: Sender account not authorized to send transactions
2025.11.12-16:11:08.725[31m error[39m [caliper] [ethereum-connector] 	Failed tx on simple calling method transfer nonce 0x1b
2025.11.12-16:11:08.725[31m error[39m [caliper] [ethereum-connector] 	Error: Returned error: Sender account not authorized to send transactions
2025.11.12-16:11:08.734[31m error[39m [caliper] [ethereum-connector] 	Failed tx on simple calling method transfer nonce 0x1c
2025.11.12-16:11:08.734[31m error[39m [caliper] [ethereum-connector] 	Error: Returned error: Sender account not authorized to send transactions
2025.11.12-16:11:08.741[31m error[39m [caliper] [ethereum-connector] 	Failed tx on simple calling method transfer nonce 0x1d
2025.11.12-16:11:08.741[31m error[39m [caliper] [ethereum-connector] 	Error: Returned error: Sender account not authorized to send transactions
2025.11.12-16:11:08.749[31m error[39m [caliper] [ethereum-connector] 	Failed tx on simple calling method transfer nonce 0x1e
2025.11.12-16:11:08.749[31m error[39m [caliper] [ethereum-connector] 	Error: Returned error: Sender account not authorized to send transactions
2025.11.12-16:11:08.759[31m error[39m [caliper] [ethereum-connector] 	Failed tx on simple calling method transfer nonce 0x1f
2025.11.12-16:11:08.759[31m error[39m [caliper] [ethereum-connector] 	Error: Returned error: Sender account not authorized to send transactions
2025.11.12-16:11:08.767[31m error[39m [caliper] [ethereum-connector] 	Failed tx on simple calling method transfer nonce 0x20
2025.11.12-16:11:08.767[31m error[39m [caliper] [ethereum-connector] 	Error: Returned error: Sender account not authorized to send transactions
2025.11.12-16:11:08.775[31m error[39m [caliper] [ethereum-connector] 	Failed tx on simple calling method transfer nonce 0x21
2025.11.12-16:11:08.775[31m error[39m [caliper] [ethereum-connector] 	Error: Returned error: Sender account not authorized to send transactions
2025.11.12-16:11:08.782[31m error[39m [caliper] [ethereum-connector] 	Failed tx on simple calling method transfer nonce 0x22
2025.11.12-16:11:08.782[31m error[39m [caliper] [ethereum-connector] 	Error: Returned error: Sender account not authorized to send transactions
2025.11.12-16:11:08.789[31m error[39m [caliper] [ethereum-connector] 	Failed tx on simple calling method transfer nonce 0x23
2025.11.12-16:11:08.790[31m error[39m [caliper] [ethereum-connector] 	Error: Returned error: Sender account not authorized to send transactions
2025.11.12-16:11:08.797[31m error[39m [caliper] [ethereum-connector] 	Failed tx on simple calling method transfer nonce 0x24
2025.11.12-16:11:08.797[31m error[39m [caliper] [ethereum-connector] 	Error: Returned error: Sender account not authorized to send transactions
2025.11.12-16:11:08.804[31m error[39m [caliper] [ethereum-connector] 	Failed tx on simple calling method transfer nonce 0x25
2025.11.12-16:11:08.805[31m error[39m [caliper] [ethereum-connector] 	Error: Returned error: Sender account not authorized to send transactions
2025.11.12-16:11:08.812[31m error[39m [caliper] [ethereum-connector] 	Failed tx on simple calling method transfer nonce 0x26
2025.11.12-16:11:08.812[31m error[39m [caliper] [ethereum-connector] 	Error: Returned error: Sender account not authorized to send transactions
2025.11.12-16:11:08.820[31m error[39m [caliper] [ethereum-connector] 	Failed tx on simple calling method transfer nonce 0x27
2025.11.12-16:11:08.821[31m error[39m [caliper] [ethereum-connector] 	Error: Returned error: Sender account not authorized to send transactions
2025.11.12-16:11:08.828[31m error[39m [caliper] [ethereum-connector] 	Failed tx on simple calling method transfer nonce 0x28
2025.11.12-16:11:08.828[31m error[39m [caliper] [ethereum-connector] 	Error: Returned error: Sender account not authorized to send transactions
2025.11.12-16:11:08.836[31m error[39m [caliper] [ethereum-connector] 	Failed tx on simple calling method transfer nonce 0x29
2025.11.12-16:11:08.837[31m error[39m [caliper] [ethereum-connector] 	Error: Returned error: Sender account not authorized to send transactions
2025.11.12-16:11:08.845[31m error[39m [caliper] [ethereum-connector] 	Failed tx on simple calling method transfer nonce 0x2a
2025.11.12-16:11:08.845[31m error[39m [caliper] [ethereum-connector] 	Error: Returned error: Sender account not authorized to send transactions
2025.11.12-16:11:08.846[31m error[39m [caliper] [ethereum-connector] 	Failed tx on simple calling method transfer nonce 0x2b
2025.11.12-16:11:08.846[31m error[39m [caliper] [ethereum-connector] 	Error: Returned error: Sender account not authorized to send transactions
2025.11.12-16:11:08.854[31m error[39m [caliper] [ethereum-connector] 	Failed tx on simple calling method transfer nonce 0x2c
2025.11.12-16:11:08.854[31m error[39m [caliper] [ethereum-connector] 	Error: Returned error: Sender account not authorized to send transactions
2025.11.12-16:11:08.863[31m error[39m [caliper] [ethereum-connector] 	Failed tx on simple calling method transfer nonce 0x2d
2025.11.12-16:11:08.863[31m error[39m [caliper] [ethereum-connector] 	Error: Returned error: Sender account not authorized to send transactions
2025.11.12-16:11:08.872[31m error[39m [caliper] [ethereum-connector] 	Failed tx on simple calling method transfer nonce 0x2e
2025.11.12-16:11:08.872[31m error[39m [caliper] [ethereum-connector] 	Error: Returned error: Sender account not authorized to send transactions
2025.11.12-16:11:08.881[31m error[39m [caliper] [ethereum-connector] 	Failed tx on simple calling method transfer nonce 0x2f
2025.11.12-16:11:08.881[31m error[39m [caliper] [ethereum-connector] 	Error: Returned error: Sender account not authorized to send transactions
2025.11.12-16:11:08.892[31m error[39m [caliper] [ethereum-connector] 	Failed tx on simple calling method transfer nonce 0x30
2025.11.12-16:11:08.893[31m error[39m [caliper] [ethereum-connector] 	Error: Returned error: Sender account not authorized to send transactions
2025.11.12-16:11:08.895[31m error[39m [caliper] [ethereum-connector] 	Failed tx on simple calling method transfer nonce 0x31
2025.11.12-16:11:08.895[31m error[39m [caliper] [ethereum-connector] 	Error: Returned error: Sender account not authorized to send transactions
2025.11.12-16:11:09.984[32m info [39m [caliper] [worker-message-handler] 	Worker#0 finished Round#0
2025.11.12-16:11:14.994[32m info [39m [caliper] [default-observer] 	Resetting txCount indicator count
2025.11.12-16:11:14.995[32m info [39m [caliper] [report-builder] 	### Test result ###
2025.11.12-16:11:14.999[32m info [39m [caliper] [report-builder] 	
+----------+------+------+-----------------+-----------------+-----------------+-----------------+------------------+
| Name     | Succ | Fail | Send Rate (TPS) | Max Latency (s) | Min Latency (s) | Avg Latency (s) | Throughput (TPS) |
|----------|------|------|-----------------|-----------------|-----------------|-----------------|------------------|
| transfer | 0    | 50   | 113.1           | -               | -               | -               | 109.9            |
+----------+------+------+-----------------+-----------------+-----------------+-----------------+------------------+

2025.11.12-16:11:15.004[32m info [39m [caliper] [report-builder] 	### docker resource stats ###'
2025.11.12-16:11:15.006[32m info [39m [caliper] [report-builder] 	
+-------------+-----------+-----------+------------------+------------------+----------------+-----------------+----------------+---------------+
| Name        | CPU%(max) | CPU%(avg) | Memory(max) [MB] | Memory(avg) [MB] | Traffic In [B] | Traffic Out [B] | Disc Write [B] | Disc Read [B] |
|-------------|-----------|-----------|------------------|------------------|----------------|-----------------|----------------|---------------|
| /node-besu5 | 0.01625   | 0.01625   | 524              | 524              | 0.00           | 0.00            | 0.00           | 0.00          |
|-------------|-----------|-----------|------------------|------------------|----------------|-----------------|----------------|---------------|
| /node-besu4 | 0.0125    | 0.0125    | 566              | 566              | 0.00           | 0.00            | 0.00           | 0.00          |
|-------------|-----------|-----------|------------------|------------------|----------------|-----------------|----------------|---------------|
| /node-besu6 | 0.02625   | 0.02625   | 544              | 544              | 0.00           | 0.00            | 0.00           | 0.00          |
|-------------|-----------|-----------|------------------|------------------|----------------|-----------------|----------------|---------------|
| /node-besu2 | 0.01625   | 0.01625   | 568              | 568              | 0.00           | 0.00            | 0.00           | 0.00          |
|-------------|-----------|-----------|------------------|------------------|----------------|-----------------|----------------|---------------|
| /node-besu3 | 0.01875   | 0.01875   | 534              | 534              | 0.00           | 0.00            | 0.00           | 0.00          |
|-------------|-----------|-----------|------------------|------------------|----------------|-----------------|----------------|---------------|
| /node-besu1 | 0.06875   | 0.06875   | 437              | 437              | 0.00           | 0.00            | 0.00           | 0.00          |
+-------------+-----------+-----------+------------------+------------------+----------------+-----------------+----------------+---------------+

2025.11.12-16:11:15.006[32m info [39m [caliper] [round-orchestrator] 	Finished round 1 (transfer) in 0.547 seconds
2025.11.12-16:11:15.006[32m info [39m [caliper] [monitor.js] 	Stopping all monitors
2025.11.12-16:11:15.106[32m info [39m [caliper] [report-builder] 	### All test results ###
2025.11.12-16:11:15.107[32m info [39m [caliper] [report-builder] 	
+----------+------+------+-----------------+-----------------+-----------------+-----------------+------------------+
| Name     | Succ | Fail | Send Rate (TPS) | Max Latency (s) | Min Latency (s) | Avg Latency (s) | Throughput (TPS) |
|----------|------|------|-----------------|-----------------|-----------------|-----------------|------------------|
| transfer | 0    | 50   | 113.1           | -               | -               | -               | 109.9            |
+----------+------+------+-----------------+-----------------+-----------------+-----------------+------------------+

2025.11.12-16:11:15.114[32m info [39m [caliper] [report-builder] 	Generated report with path /home/cpqd/Documentos/Hyperleadger-Caliper/report.html
2025.11.12-16:11:15.114[32m info [39m [caliper] [monitor.js] 	Stopping all monitors
2025.11.12-16:11:15.114[32m info [39m [caliper] [worker-orchestrator] 	Sending exit message to connected workers
2025.11.12-16:11:15.114[32m info [39m [caliper] [round-orchestrator] 	Benchmark finished in 8.785 seconds. Total rounds: 1. Successful rounds: 1. Failed rounds: 0.
2025.11.12-16:11:15.115[32m info [39m [caliper] [caliper-engine] 	Network configuration attribute "caliper.command.end" is not present, skipping end command
2025.11.12-16:11:15.115[32m info [39m [caliper] [cli-launch-manager] 	Benchmark successfully finished
2025.11.12-16:11:15.115[32m info [39m [caliper] [worker-message-handler] 	Worker#0 is exiting
