2025.11.12-16:13:52.921[32m info [39m [caliper] [cli-launch-manager] 	Binding specification is present, performing binding for "besu:latest"
2025.11.12-16:13:52.924[33m warn [39m [caliper] [bind] 	Working directory not specified. Using "/home/cpqd/Documentos/Hyperleadger-Caliper"
2025.11.12-16:13:52.924[32m info [39m [caliper] [bind] 	Binding for besu@latest. This might take some time...
2025.11.12-16:13:52.924[32m info [39m [caliper] [bind] 	Using working directory: /home/cpqd/Documentos/Hyperleadger-Caliper
2025.11.12-16:13:52.925[32m info [39m [caliper] [bind] 	Calling npm with: install web3@1.3.0

up to date, audited 821 packages in 4s

68 packages are looking for funding
  run `npm fund` for details

58 vulnerabilities (5 low, 10 moderate, 17 high, 26 critical)

To address issues that do not require attention, run:
  npm audit fix

To address all issues (including breaking changes), run:
  npm audit fix --force

Run `npm audit` for details.
2025.11.12-16:13:57.631[32m info [39m [caliper] [cli-launch-manager] 	Set workspace path: /home/cpqd/Documentos/Hyperleadger-Caliper
2025.11.12-16:13:57.632[32m info [39m [caliper] [cli-launch-manager] 	Set benchmark configuration path: /home/cpqd/Documentos/Hyperleadger-Caliper/benchmarks/scenario-monitoring/Simple/config-transfer.yaml
2025.11.12-16:13:57.632[32m info [39m [caliper] [cli-launch-manager] 	Set network configuration path: /home/cpqd/Documentos/Hyperleadger-Caliper/networks/besu/networkconfig.json
2025.11.12-16:13:57.632[32m info [39m [caliper] [cli-launch-manager] 	Set SUT type: ethereum
2025.11.12-16:13:58.353[32m info [39m [caliper] [benchmark-validator] 	No observer specified, will default to `none`
2025.11.12-16:13:58.353[32m info [39m [caliper] [caliper-engine] 	Starting benchmark flow
2025.11.12-16:13:58.354[32m info [39m [caliper] [caliper-engine] 	Network configuration attribute "caliper.command.start" is not present, skipping start command
2025.11.12-16:13:58.369[32m info [39m [caliper] [caliper-engine] 	Executed "init" step in 0 seconds
2025.11.12-16:13:58.370[32m info [39m [caliper] [caliper-engine] 	Skipping install smart contract phase due to benchmark flow conditioning
2025.11.12-16:13:58.373[32m info [39m [caliper] [monitor.js] 	Attempting to create resource monitor of type docker
2025.11.12-16:13:58.375[32m info [39m [caliper] [default-observer] 	Observer interval set to 5000 milliseconds
2025.11.12-16:13:58.381[32m info [39m [caliper] [round-orchestrator] 	Preparing worker connections
2025.11.12-16:13:58.381[32m info [39m [caliper] [worker-orchestrator] 	Launching worker 1 of 1
2025.11.12-16:13:58.387[32m info [39m [caliper] [worker-orchestrator] 	Messenger not configured, entering configure phase...
2025.11.12-16:13:58.387[32m info [39m [caliper] [worker-orchestrator] 	No existing workers detected, entering worker launch phase...
2025.11.12-16:13:58.388[32m info [39m [caliper] [worker-orchestrator] 	Waiting for 1 workers to be connected...
2025.11.12-16:13:58.919[32m info [39m [caliper] [cli-launch-worker] 	Worker is a locally forked process, skipping binding step already performed by the manager process
2025.11.12-16:13:58.921[32m info [39m [caliper] [cli-launch-worker] 	Set workspace path: /home/cpqd/Documentos/Hyperleadger-Caliper
2025.11.12-16:13:58.922[32m info [39m [caliper] [cli-launch-worker] 	Set benchmark configuration path: /home/cpqd/Documentos/Hyperleadger-Caliper/benchmarks/scenario-monitoring/Simple/config-transfer.yaml
2025.11.12-16:13:58.922[32m info [39m [caliper] [cli-launch-worker] 	Set network configuration path: /home/cpqd/Documentos/Hyperleadger-Caliper/networks/besu/networkconfig.json
2025.11.12-16:13:58.922[32m info [39m [caliper] [cli-launch-worker] 	Set SUT type: ethereum
2025.11.12-16:13:59.602[32m info [39m [caliper] [worker-orchestrator] 	1 workers connected, progressing to worker assignment phase.
2025.11.12-16:13:59.602[32m info [39m [caliper] [worker-orchestrator] 	Workers currently unassigned, awaiting index assignment...
2025.11.12-16:13:59.602[32m info [39m [caliper] [worker-orchestrator] 	Waiting for 1 workers to be assigned...
2025.11.12-16:13:59.768[32m info [39m [caliper] [worker-orchestrator] 	1 workers assigned, progressing to worker initialization phase.
2025.11.12-16:13:59.769[32m info [39m [caliper] [worker-orchestrator] 	Waiting for 1 workers to be ready...
2025.11.12-16:13:59.770[32m info [39m [caliper] [worker-message-handler] 	Initializing Worker#0...
2025.11.12-16:13:59.789[32m info [39m [caliper] [worker-message-handler] 	Worker#0 initialized
2025.11.12-16:13:59.790[32m info [39m [caliper] [worker-orchestrator] 	1 workers ready, progressing to test preparation phase.
2025.11.12-16:13:59.790[32m info [39m [caliper] [round-orchestrator] 	Started round 1 (transfer)
2025.11.12-16:13:59.792[32m info [39m [caliper] [worker-message-handler] 	Preparing Worker#0 for Round#0
2025.11.12-16:13:59.848[32m info [39m [caliper] [caliper-worker] 	Info: worker 0 prepare test phase for round 0 is starting...
2025.11.12-16:13:59.850[32m info [39m [caliper] [caliper-worker] 	Info: worker 0 prepare test phase for round 0 is completed
2025.11.12-16:13:59.850[32m info [39m [caliper] [worker-message-handler] 	Worker#0 prepared for Round#0
2025.11.12-16:13:59.852[32m info [39m [caliper] [worker-orchestrator] 	1 workers prepared, progressing to test phase.
2025.11.12-16:14:01.884[32m info [39m [caliper] [round-orchestrator] 	Monitors successfully started
2025.11.12-16:14:01.885[32m info [39m [caliper] [worker-message-handler] 	Worker#0 is starting Round#0
2025.11.12-16:14:01.899[32m info [39m [caliper] [caliper-worker] 	Worker #0 starting workload loop
2025.11.12-16:14:01.978[31m error[39m [caliper] [ethereum-connector] 	Failed tx on simple calling method transfer nonce 0x0
2025.11.12-16:14:01.978[31m error[39m [caliper] [ethereum-connector] 	Error: Returned error: Sender account not authorized to send transactions
2025.11.12-16:14:01.993[31m error[39m [caliper] [ethereum-connector] 	Failed tx on simple calling method transfer nonce 0x1
2025.11.12-16:14:01.993[31m error[39m [caliper] [ethereum-connector] 	Error: Returned error: Sender account not authorized to send transactions
2025.11.12-16:14:02.006[31m error[39m [caliper] [ethereum-connector] 	Failed tx on simple calling method transfer nonce 0x2
2025.11.12-16:14:02.006[31m error[39m [caliper] [ethereum-connector] 	Error: Returned error: Sender account not authorized to send transactions
2025.11.12-16:14:02.021[31m error[39m [caliper] [ethereum-connector] 	Failed tx on simple calling method transfer nonce 0x3
2025.11.12-16:14:02.021[31m error[39m [caliper] [ethereum-connector] 	Error: Returned error: Sender account not authorized to send transactions
2025.11.12-16:14:02.034[31m error[39m [caliper] [ethereum-connector] 	Failed tx on simple calling method transfer nonce 0x4
2025.11.12-16:14:02.034[31m error[39m [caliper] [ethereum-connector] 	Error: Returned error: Sender account not authorized to send transactions
2025.11.12-16:14:02.050[31m error[39m [caliper] [ethereum-connector] 	Failed tx on simple calling method transfer nonce 0x5
2025.11.12-16:14:02.050[31m error[39m [caliper] [ethereum-connector] 	Error: Returned error: Sender account not authorized to send transactions
2025.11.12-16:14:02.069[31m error[39m [caliper] [ethereum-connector] 	Failed tx on simple calling method transfer nonce 0x6
2025.11.12-16:14:02.070[31m error[39m [caliper] [ethereum-connector] 	Error: Returned error: Sender account not authorized to send transactions
2025.11.12-16:14:02.081[31m error[39m [caliper] [ethereum-connector] 	Failed tx on simple calling method transfer nonce 0x7
2025.11.12-16:14:02.081[31m error[39m [caliper] [ethereum-connector] 	Error: Returned error: Sender account not authorized to send transactions
2025.11.12-16:14:02.093[31m error[39m [caliper] [ethereum-connector] 	Failed tx on simple calling method transfer nonce 0x8
2025.11.12-16:14:02.093[31m error[39m [caliper] [ethereum-connector] 	Error: Returned error: Sender account not authorized to send transactions
2025.11.12-16:14:02.104[31m error[39m [caliper] [ethereum-connector] 	Failed tx on simple calling method transfer nonce 0x9
2025.11.12-16:14:02.104[31m error[39m [caliper] [ethereum-connector] 	Error: Returned error: Sender account not authorized to send transactions
2025.11.12-16:14:02.118[31m error[39m [caliper] [ethereum-connector] 	Failed tx on simple calling method transfer nonce 0xa
2025.11.12-16:14:02.118[31m error[39m [caliper] [ethereum-connector] 	Error: Returned error: Sender account not authorized to send transactions
2025.11.12-16:14:02.131[31m error[39m [caliper] [ethereum-connector] 	Failed tx on simple calling method transfer nonce 0xb
2025.11.12-16:14:02.131[31m error[39m [caliper] [ethereum-connector] 	Error: Returned error: Sender account not authorized to send transactions
2025.11.12-16:14:02.141[31m error[39m [caliper] [ethereum-connector] 	Failed tx on simple calling method transfer nonce 0xc
2025.11.12-16:14:02.141[31m error[39m [caliper] [ethereum-connector] 	Error: Returned error: Sender account not authorized to send transactions
2025.11.12-16:14:02.153[31m error[39m [caliper] [ethereum-connector] 	Failed tx on simple calling method transfer nonce 0xd
2025.11.12-16:14:02.153[31m error[39m [caliper] [ethereum-connector] 	Error: Returned error: Sender account not authorized to send transactions
2025.11.12-16:14:02.169[31m error[39m [caliper] [ethereum-connector] 	Failed tx on simple calling method transfer nonce 0xe
2025.11.12-16:14:02.169[31m error[39m [caliper] [ethereum-connector] 	Error: Returned error: Sender account not authorized to send transactions
2025.11.12-16:14:02.180[31m error[39m [caliper] [ethereum-connector] 	Failed tx on simple calling method transfer nonce 0xf
2025.11.12-16:14:02.180[31m error[39m [caliper] [ethereum-connector] 	Error: Returned error: Sender account not authorized to send transactions
2025.11.12-16:14:02.190[31m error[39m [caliper] [ethereum-connector] 	Failed tx on simple calling method transfer nonce 0x10
2025.11.12-16:14:02.190[31m error[39m [caliper] [ethereum-connector] 	Error: Returned error: Sender account not authorized to send transactions
2025.11.12-16:14:02.199[31m error[39m [caliper] [ethereum-connector] 	Failed tx on simple calling method transfer nonce 0x11
2025.11.12-16:14:02.200[31m error[39m [caliper] [ethereum-connector] 	Error: Returned error: Sender account not authorized to send transactions
2025.11.12-16:14:02.208[31m error[39m [caliper] [ethereum-connector] 	Failed tx on simple calling method transfer nonce 0x12
2025.11.12-16:14:02.209[31m error[39m [caliper] [ethereum-connector] 	Error: Returned error: Sender account not authorized to send transactions
2025.11.12-16:14:02.218[31m error[39m [caliper] [ethereum-connector] 	Failed tx on simple calling method transfer nonce 0x13
2025.11.12-16:14:02.218[31m error[39m [caliper] [ethereum-connector] 	Error: Returned error: Sender account not authorized to send transactions
2025.11.12-16:14:02.227[31m error[39m [caliper] [ethereum-connector] 	Failed tx on simple calling method transfer nonce 0x14
2025.11.12-16:14:02.227[31m error[39m [caliper] [ethereum-connector] 	Error: Returned error: Sender account not authorized to send transactions
2025.11.12-16:14:02.237[31m error[39m [caliper] [ethereum-connector] 	Failed tx on simple calling method transfer nonce 0x15
2025.11.12-16:14:02.237[31m error[39m [caliper] [ethereum-connector] 	Error: Returned error: Sender account not authorized to send transactions
2025.11.12-16:14:02.251[31m error[39m [caliper] [ethereum-connector] 	Failed tx on simple calling method transfer nonce 0x16
2025.11.12-16:14:02.251[31m error[39m [caliper] [ethereum-connector] 	Error: Returned error: Sender account not authorized to send transactions
2025.11.12-16:14:02.265[31m error[39m [caliper] [ethereum-connector] 	Failed tx on simple calling method transfer nonce 0x17
2025.11.12-16:14:02.266[31m error[39m [caliper] [ethereum-connector] 	Error: Returned error: Sender account not authorized to send transactions
2025.11.12-16:14:02.278[31m error[39m [caliper] [ethereum-connector] 	Failed tx on simple calling method transfer nonce 0x18
2025.11.12-16:14:02.279[31m error[39m [caliper] [ethereum-connector] 	Error: Returned error: Sender account not authorized to send transactions
2025.11.12-16:14:02.292[31m error[39m [caliper] [ethereum-connector] 	Failed tx on simple calling method transfer nonce 0x19
2025.11.12-16:14:02.293[31m error[39m [caliper] [ethereum-connector] 	Error: Returned error: Sender account not authorized to send transactions
2025.11.12-16:14:02.302[31m error[39m [caliper] [ethereum-connector] 	Failed tx on simple calling method transfer nonce 0x1a
2025.11.12-16:14:02.303[31m error[39m [caliper] [ethereum-connector] 	Error: Returned error: Sender account not authorized to send transactions
2025.11.12-16:14:02.313[31m error[39m [caliper] [ethereum-connector] 	Failed tx on simple calling method transfer nonce 0x1b
2025.11.12-16:14:02.313[31m error[39m [caliper] [ethereum-connector] 	Error: Returned error: Sender account not authorized to send transactions
2025.11.12-16:14:02.323[31m error[39m [caliper] [ethereum-connector] 	Failed tx on simple calling method transfer nonce 0x1c
2025.11.12-16:14:02.323[31m error[39m [caliper] [ethereum-connector] 	Error: Returned error: Sender account not authorized to send transactions
2025.11.12-16:14:02.332[31m error[39m [caliper] [ethereum-connector] 	Failed tx on simple calling method transfer nonce 0x1d
2025.11.12-16:14:02.333[31m error[39m [caliper] [ethereum-connector] 	Error: Returned error: Sender account not authorized to send transactions
2025.11.12-16:14:02.345[31m error[39m [caliper] [ethereum-connector] 	Failed tx on simple calling method transfer nonce 0x1e
2025.11.12-16:14:02.345[31m error[39m [caliper] [ethereum-connector] 	Error: Returned error: Sender account not authorized to send transactions
2025.11.12-16:14:02.359[31m error[39m [caliper] [ethereum-connector] 	Failed tx on simple calling method transfer nonce 0x1f
2025.11.12-16:14:02.359[31m error[39m [caliper] [ethereum-connector] 	Error: Returned error: Sender account not authorized to send transactions
2025.11.12-16:14:02.371[31m error[39m [caliper] [ethereum-connector] 	Failed tx on simple calling method transfer nonce 0x20
2025.11.12-16:14:02.371[31m error[39m [caliper] [ethereum-connector] 	Error: Returned error: Sender account not authorized to send transactions
2025.11.12-16:14:02.382[31m error[39m [caliper] [ethereum-connector] 	Failed tx on simple calling method transfer nonce 0x21
2025.11.12-16:14:02.382[31m error[39m [caliper] [ethereum-connector] 	Error: Returned error: Sender account not authorized to send transactions
2025.11.12-16:14:02.391[31m error[39m [caliper] [ethereum-connector] 	Failed tx on simple calling method transfer nonce 0x22
2025.11.12-16:14:02.391[31m error[39m [caliper] [ethereum-connector] 	Error: Returned error: Sender account not authorized to send transactions
2025.11.12-16:14:02.401[31m error[39m [caliper] [ethereum-connector] 	Failed tx on simple calling method transfer nonce 0x23
2025.11.12-16:14:02.401[31m error[39m [caliper] [ethereum-connector] 	Error: Returned error: Sender account not authorized to send transactions
2025.11.12-16:14:02.410[31m error[39m [caliper] [ethereum-connector] 	Failed tx on simple calling method transfer nonce 0x24
2025.11.12-16:14:02.411[31m error[39m [caliper] [ethereum-connector] 	Error: Returned error: Sender account not authorized to send transactions
2025.11.12-16:14:02.420[31m error[39m [caliper] [ethereum-connector] 	Failed tx on simple calling method transfer nonce 0x25
2025.11.12-16:14:02.420[31m error[39m [caliper] [ethereum-connector] 	Error: Returned error: Sender account not authorized to send transactions
2025.11.12-16:14:02.429[31m error[39m [caliper] [ethereum-connector] 	Failed tx on simple calling method transfer nonce 0x26
2025.11.12-16:14:02.429[31m error[39m [caliper] [ethereum-connector] 	Error: Returned error: Sender account not authorized to send transactions
2025.11.12-16:14:02.441[31m error[39m [caliper] [ethereum-connector] 	Failed tx on simple calling method transfer nonce 0x27
2025.11.12-16:14:02.441[31m error[39m [caliper] [ethereum-connector] 	Error: Returned error: Sender account not authorized to send transactions
2025.11.12-16:14:02.453[31m error[39m [caliper] [ethereum-connector] 	Failed tx on simple calling method transfer nonce 0x28
2025.11.12-16:14:02.453[31m error[39m [caliper] [ethereum-connector] 	Error: Returned error: Sender account not authorized to send transactions
2025.11.12-16:14:02.464[31m error[39m [caliper] [ethereum-connector] 	Failed tx on simple calling method transfer nonce 0x29
2025.11.12-16:14:02.464[31m error[39m [caliper] [ethereum-connector] 	Error: Returned error: Sender account not authorized to send transactions
2025.11.12-16:14:02.474[31m error[39m [caliper] [ethereum-connector] 	Failed tx on simple calling method transfer nonce 0x2a
2025.11.12-16:14:02.474[31m error[39m [caliper] [ethereum-connector] 	Error: Returned error: Sender account not authorized to send transactions
2025.11.12-16:14:02.484[31m error[39m [caliper] [ethereum-connector] 	Failed tx on simple calling method transfer nonce 0x2b
2025.11.12-16:14:02.484[31m error[39m [caliper] [ethereum-connector] 	Error: Returned error: Sender account not authorized to send transactions
2025.11.12-16:14:02.493[31m error[39m [caliper] [ethereum-connector] 	Failed tx on simple calling method transfer nonce 0x2c
2025.11.12-16:14:02.494[31m error[39m [caliper] [ethereum-connector] 	Error: Returned error: Sender account not authorized to send transactions
2025.11.12-16:14:02.503[31m error[39m [caliper] [ethereum-connector] 	Failed tx on simple calling method transfer nonce 0x2d
2025.11.12-16:14:02.503[31m error[39m [caliper] [ethereum-connector] 	Error: Returned error: Sender account not authorized to send transactions
2025.11.12-16:14:02.513[31m error[39m [caliper] [ethereum-connector] 	Failed tx on simple calling method transfer nonce 0x2e
2025.11.12-16:14:02.513[31m error[39m [caliper] [ethereum-connector] 	Error: Returned error: Sender account not authorized to send transactions
2025.11.12-16:14:02.524[31m error[39m [caliper] [ethereum-connector] 	Failed tx on simple calling method transfer nonce 0x2f
2025.11.12-16:14:02.524[31m error[39m [caliper] [ethereum-connector] 	Error: Returned error: Sender account not authorized to send transactions
2025.11.12-16:14:02.526[31m error[39m [caliper] [ethereum-connector] 	Failed tx on simple calling method transfer nonce 0x30
2025.11.12-16:14:02.527[31m error[39m [caliper] [ethereum-connector] 	Error: Returned error: Sender account not authorized to send transactions
2025.11.12-16:14:02.527[31m error[39m [caliper] [ethereum-connector] 	Failed tx on simple calling method transfer nonce 0x31
2025.11.12-16:14:02.527[31m error[39m [caliper] [ethereum-connector] 	Error: Returned error: Sender account not authorized to send transactions
2025.11.12-16:14:03.617[32m info [39m [caliper] [worker-message-handler] 	Worker#0 finished Round#0
2025.11.12-16:14:08.632[32m info [39m [caliper] [default-observer] 	Resetting txCount indicator count
2025.11.12-16:14:08.633[32m info [39m [caliper] [report-builder] 	### Test result ###
2025.11.12-16:14:08.639[32m info [39m [caliper] [report-builder] 	
+----------+------+------+-----------------+-----------------+-----------------+-----------------+------------------+
| Name     | Succ | Fail | Send Rate (TPS) | Max Latency (s) | Min Latency (s) | Avg Latency (s) | Throughput (TPS) |
|----------|------|------|-----------------|-----------------|-----------------|-----------------|------------------|
| transfer | 0    | 50   | 81.6            | -               | -               | -               | 79.9             |
+----------+------+------+-----------------+-----------------+-----------------+-----------------+------------------+

2025.11.12-16:14:08.646[32m info [39m [caliper] [report-builder] 	### docker resource stats ###'
2025.11.12-16:14:08.648[32m info [39m [caliper] [report-builder] 	
+-------------+-----------+-----------+------------------+------------------+----------------+-----------------+----------------+---------------+
| Name        | CPU%(max) | CPU%(avg) | Memory(max) [MB] | Memory(avg) [MB] | Traffic In [B] | Traffic Out [B] | Disc Write [B] | Disc Read [B] |
|-------------|-----------|-----------|------------------|------------------|----------------|-----------------|----------------|---------------|
| /node-besu5 | 0.01375   | 0.01375   | 485              | 485              | 0.00           | 0.00            | 0.00           | 0.00          |
|-------------|-----------|-----------|------------------|------------------|----------------|-----------------|----------------|---------------|
| /node-besu4 | 0.2175    | 0.2175    | 441              | 441              | 0.00           | 0.00            | 0.00           | 0.00          |
|-------------|-----------|-----------|------------------|------------------|----------------|-----------------|----------------|---------------|
| /node-besu6 | 0.065     | 0.065     | 443              | 443              | 0.00           | 0.00            | 0.00           | 0.00          |
|-------------|-----------|-----------|------------------|------------------|----------------|-----------------|----------------|---------------|
| /node-besu2 | 0.015     | 0.015     | 485              | 485              | 0.00           | 0.00            | 0.00           | 0.00          |
|-------------|-----------|-----------|------------------|------------------|----------------|-----------------|----------------|---------------|
| /node-besu1 | 0.01375   | 0.01375   | 459              | 459              | 0.00           | 0.00            | 0.00           | 0.00          |
|-------------|-----------|-----------|------------------|------------------|----------------|-----------------|----------------|---------------|
| /node-besu3 | 0.01625   | 0.01625   | 480              | 480              | 0.00           | 0.00            | 0.00           | 0.00          |
+-------------+-----------+-----------+------------------+------------------+----------------+-----------------+----------------+---------------+

2025.11.12-16:14:08.649[32m info [39m [caliper] [round-orchestrator] 	Finished round 1 (transfer) in 0.719 seconds
2025.11.12-16:14:08.649[32m info [39m [caliper] [monitor.js] 	Stopping all monitors
2025.11.12-16:14:08.750[32m info [39m [caliper] [report-builder] 	### All test results ###
2025.11.12-16:14:08.750[32m info [39m [caliper] [report-builder] 	
+----------+------+------+-----------------+-----------------+-----------------+-----------------+------------------+
| Name     | Succ | Fail | Send Rate (TPS) | Max Latency (s) | Min Latency (s) | Avg Latency (s) | Throughput (TPS) |
|----------|------|------|-----------------|-----------------|-----------------|-----------------|------------------|
| transfer | 0    | 50   | 81.6            | -               | -               | -               | 79.9             |
+----------+------+------+-----------------+-----------------+-----------------+-----------------+------------------+

2025.11.12-16:14:08.760[32m info [39m [caliper] [report-builder] 	Generated report with path /home/cpqd/Documentos/Hyperleadger-Caliper/report.html
2025.11.12-16:14:08.760[32m info [39m [caliper] [monitor.js] 	Stopping all monitors
2025.11.12-16:14:08.760[32m info [39m [caliper] [worker-orchestrator] 	Sending exit message to connected workers
2025.11.12-16:14:08.761[32m info [39m [caliper] [round-orchestrator] 	Benchmark finished in 8.971 seconds. Total rounds: 1. Successful rounds: 1. Failed rounds: 0.
2025.11.12-16:14:08.761[32m info [39m [caliper] [caliper-engine] 	Network configuration attribute "caliper.command.end" is not present, skipping end command
2025.11.12-16:14:08.761[32m info [39m [caliper] [cli-launch-manager] 	Benchmark successfully finished
2025.11.12-16:14:08.761[32m info [39m [caliper] [worker-message-handler] 	Worker#0 is exiting
