2025.11.12-17:01:18.224[32m info [39m [caliper] [cli-launch-manager] 	Binding specification is present, performing binding for "besu:latest"
2025.11.12-17:01:18.226[33m warn [39m [caliper] [bind] 	Working directory not specified. Using "/home/cpqd/Documentos/Hyperleadger-Caliper"
2025.11.12-17:01:18.227[32m info [39m [caliper] [bind] 	Binding for besu@latest. This might take some time...
2025.11.12-17:01:18.227[32m info [39m [caliper] [bind] 	Using working directory: /home/cpqd/Documentos/Hyperleadger-Caliper
2025.11.12-17:01:18.227[32m info [39m [caliper] [bind] 	Calling npm with: install web3@1.3.0

up to date, audited 821 packages in 4s

68 packages are looking for funding
  run `npm fund` for details

58 vulnerabilities (5 low, 10 moderate, 17 high, 26 critical)

To address issues that do not require attention, run:
  npm audit fix

To address all issues (including breaking changes), run:
  npm audit fix --force

Run `npm audit` for details.
2025.11.12-17:01:22.960[32m info [39m [caliper] [cli-launch-manager] 	Set workspace path: /home/cpqd/Documentos/Hyperleadger-Caliper
2025.11.12-17:01:22.961[32m info [39m [caliper] [cli-launch-manager] 	Set benchmark configuration path: /home/cpqd/Documentos/Hyperleadger-Caliper/benchmarks/scenario-monitoring/Simple/config-transfer.yaml
2025.11.12-17:01:22.961[32m info [39m [caliper] [cli-launch-manager] 	Set network configuration path: /home/cpqd/Documentos/Hyperleadger-Caliper/networks/besu/networkconfig.json
2025.11.12-17:01:22.962[32m info [39m [caliper] [cli-launch-manager] 	Set SUT type: ethereum
2025.11.12-17:01:23.919[32m info [39m [caliper] [benchmark-validator] 	No observer specified, will default to `none`
2025.11.12-17:01:23.920[32m info [39m [caliper] [caliper-engine] 	Starting benchmark flow
2025.11.12-17:01:23.920[32m info [39m [caliper] [caliper-engine] 	Network configuration attribute "caliper.command.start" is not present, skipping start command
2025.11.12-17:01:23.945[32m info [39m [caliper] [caliper-engine] 	Executed "init" step in 0 seconds
2025.11.12-17:01:23.945[32m info [39m [caliper] [caliper-engine] 	Skipping install smart contract phase due to benchmark flow conditioning
2025.11.12-17:01:23.951[32m info [39m [caliper] [monitor.js] 	Attempting to create resource monitor of type docker
2025.11.12-17:01:23.954[32m info [39m [caliper] [default-observer] 	Observer interval set to 5000 milliseconds
2025.11.12-17:01:23.960[32m info [39m [caliper] [round-orchestrator] 	Preparing worker connections
2025.11.12-17:01:23.961[32m info [39m [caliper] [worker-orchestrator] 	Launching worker 1 of 1
2025.11.12-17:01:23.968[32m info [39m [caliper] [worker-orchestrator] 	Messenger not configured, entering configure phase...
2025.11.12-17:01:23.969[32m info [39m [caliper] [worker-orchestrator] 	No existing workers detected, entering worker launch phase...
2025.11.12-17:01:23.970[32m info [39m [caliper] [worker-orchestrator] 	Waiting for 1 workers to be connected...
2025.11.12-17:01:24.850[32m info [39m [caliper] [cli-launch-worker] 	Worker is a locally forked process, skipping binding step already performed by the manager process
2025.11.12-17:01:24.852[32m info [39m [caliper] [cli-launch-worker] 	Set workspace path: /home/cpqd/Documentos/Hyperleadger-Caliper
2025.11.12-17:01:24.853[32m info [39m [caliper] [cli-launch-worker] 	Set benchmark configuration path: /home/cpqd/Documentos/Hyperleadger-Caliper/benchmarks/scenario-monitoring/Simple/config-transfer.yaml
2025.11.12-17:01:24.853[32m info [39m [caliper] [cli-launch-worker] 	Set network configuration path: /home/cpqd/Documentos/Hyperleadger-Caliper/networks/besu/networkconfig.json
2025.11.12-17:01:24.854[32m info [39m [caliper] [cli-launch-worker] 	Set SUT type: ethereum
2025.11.12-17:01:26.077[32m info [39m [caliper] [worker-orchestrator] 	1 workers connected, progressing to worker assignment phase.
2025.11.12-17:01:26.077[32m info [39m [caliper] [worker-orchestrator] 	Workers currently unassigned, awaiting index assignment...
2025.11.12-17:01:26.078[32m info [39m [caliper] [worker-orchestrator] 	Waiting for 1 workers to be assigned...
2025.11.12-17:01:26.405[32m info [39m [caliper] [worker-orchestrator] 	1 workers assigned, progressing to worker initialization phase.
2025.11.12-17:01:26.405[32m info [39m [caliper] [worker-orchestrator] 	Waiting for 1 workers to be ready...
2025.11.12-17:01:26.407[32m info [39m [caliper] [worker-message-handler] 	Initializing Worker#0...
2025.11.12-17:01:26.433[32m info [39m [caliper] [worker-message-handler] 	Worker#0 initialized
2025.11.12-17:01:26.434[32m info [39m [caliper] [worker-orchestrator] 	1 workers ready, progressing to test preparation phase.
2025.11.12-17:01:26.435[32m info [39m [caliper] [round-orchestrator] 	Started round 1 (transfer)
2025.11.12-17:01:26.437[32m info [39m [caliper] [worker-message-handler] 	Preparing Worker#0 for Round#0
2025.11.12-17:01:26.505[32m info [39m [caliper] [caliper-worker] 	Info: worker 0 prepare test phase for round 0 is starting...
2025.11.12-17:01:26.509[32m info [39m [caliper] [caliper-worker] 	Info: worker 0 prepare test phase for round 0 is completed
2025.11.12-17:01:26.509[32m info [39m [caliper] [worker-message-handler] 	Worker#0 prepared for Round#0
2025.11.12-17:01:26.510[32m info [39m [caliper] [worker-orchestrator] 	1 workers prepared, progressing to test phase.
2025.11.12-17:01:28.545[32m info [39m [caliper] [round-orchestrator] 	Monitors successfully started
2025.11.12-17:01:28.547[32m info [39m [caliper] [worker-message-handler] 	Worker#0 is starting Round#0
2025.11.12-17:01:28.560[32m info [39m [caliper] [caliper-worker] 	Worker #0 starting workload loop
2025.11.12-17:01:28.640[31m error[39m [caliper] [ethereum-connector] 	Failed tx on simple calling method transfer nonce 0x0
2025.11.12-17:01:28.640[31m error[39m [caliper] [ethereum-connector] 	Error: Returned error: Sender account not authorized to send transactions
2025.11.12-17:01:28.657[31m error[39m [caliper] [ethereum-connector] 	Failed tx on simple calling method transfer nonce 0x1
2025.11.12-17:01:28.658[31m error[39m [caliper] [ethereum-connector] 	Error: Returned error: Sender account not authorized to send transactions
2025.11.12-17:01:28.675[31m error[39m [caliper] [ethereum-connector] 	Failed tx on simple calling method transfer nonce 0x2
2025.11.12-17:01:28.675[31m error[39m [caliper] [ethereum-connector] 	Error: Returned error: Sender account not authorized to send transactions
2025.11.12-17:01:28.687[31m error[39m [caliper] [ethereum-connector] 	Failed tx on simple calling method transfer nonce 0x3
2025.11.12-17:01:28.687[31m error[39m [caliper] [ethereum-connector] 	Error: Returned error: Sender account not authorized to send transactions
2025.11.12-17:01:28.699[31m error[39m [caliper] [ethereum-connector] 	Failed tx on simple calling method transfer nonce 0x4
2025.11.12-17:01:28.699[31m error[39m [caliper] [ethereum-connector] 	Error: Returned error: Sender account not authorized to send transactions
2025.11.12-17:01:28.716[31m error[39m [caliper] [ethereum-connector] 	Failed tx on simple calling method transfer nonce 0x5
2025.11.12-17:01:28.716[31m error[39m [caliper] [ethereum-connector] 	Error: Returned error: Sender account not authorized to send transactions
2025.11.12-17:01:28.733[31m error[39m [caliper] [ethereum-connector] 	Failed tx on simple calling method transfer nonce 0x6
2025.11.12-17:01:28.733[31m error[39m [caliper] [ethereum-connector] 	Error: Returned error: Sender account not authorized to send transactions
2025.11.12-17:01:28.744[31m error[39m [caliper] [ethereum-connector] 	Failed tx on simple calling method transfer nonce 0x7
2025.11.12-17:01:28.745[31m error[39m [caliper] [ethereum-connector] 	Error: Returned error: Sender account not authorized to send transactions
2025.11.12-17:01:28.755[31m error[39m [caliper] [ethereum-connector] 	Failed tx on simple calling method transfer nonce 0x8
2025.11.12-17:01:28.755[31m error[39m [caliper] [ethereum-connector] 	Error: Returned error: Sender account not authorized to send transactions
2025.11.12-17:01:28.765[31m error[39m [caliper] [ethereum-connector] 	Failed tx on simple calling method transfer nonce 0x9
2025.11.12-17:01:28.766[31m error[39m [caliper] [ethereum-connector] 	Error: Returned error: Sender account not authorized to send transactions
2025.11.12-17:01:28.781[31m error[39m [caliper] [ethereum-connector] 	Failed tx on simple calling method transfer nonce 0xa
2025.11.12-17:01:28.781[31m error[39m [caliper] [ethereum-connector] 	Error: Returned error: Sender account not authorized to send transactions
2025.11.12-17:01:28.793[31m error[39m [caliper] [ethereum-connector] 	Failed tx on simple calling method transfer nonce 0xb
2025.11.12-17:01:28.793[31m error[39m [caliper] [ethereum-connector] 	Error: Returned error: Sender account not authorized to send transactions
2025.11.12-17:01:28.803[31m error[39m [caliper] [ethereum-connector] 	Failed tx on simple calling method transfer nonce 0xc
2025.11.12-17:01:28.803[31m error[39m [caliper] [ethereum-connector] 	Error: Returned error: Sender account not authorized to send transactions
2025.11.12-17:01:28.813[31m error[39m [caliper] [ethereum-connector] 	Failed tx on simple calling method transfer nonce 0xd
2025.11.12-17:01:28.813[31m error[39m [caliper] [ethereum-connector] 	Error: Returned error: Sender account not authorized to send transactions
2025.11.12-17:01:28.823[31m error[39m [caliper] [ethereum-connector] 	Failed tx on simple calling method transfer nonce 0xe
2025.11.12-17:01:28.823[31m error[39m [caliper] [ethereum-connector] 	Error: Returned error: Sender account not authorized to send transactions
2025.11.12-17:01:28.836[31m error[39m [caliper] [ethereum-connector] 	Failed tx on simple calling method transfer nonce 0xf
2025.11.12-17:01:28.837[31m error[39m [caliper] [ethereum-connector] 	Error: Returned error: Sender account not authorized to send transactions
2025.11.12-17:01:28.850[31m error[39m [caliper] [ethereum-connector] 	Failed tx on simple calling method transfer nonce 0x10
2025.11.12-17:01:28.850[31m error[39m [caliper] [ethereum-connector] 	Error: Returned error: Sender account not authorized to send transactions
2025.11.12-17:01:28.859[31m error[39m [caliper] [ethereum-connector] 	Failed tx on simple calling method transfer nonce 0x11
2025.11.12-17:01:28.860[31m error[39m [caliper] [ethereum-connector] 	Error: Returned error: Sender account not authorized to send transactions
2025.11.12-17:01:28.869[31m error[39m [caliper] [ethereum-connector] 	Failed tx on simple calling method transfer nonce 0x12
2025.11.12-17:01:28.869[31m error[39m [caliper] [ethereum-connector] 	Error: Returned error: Sender account not authorized to send transactions
2025.11.12-17:01:28.884[31m error[39m [caliper] [ethereum-connector] 	Failed tx on simple calling method transfer nonce 0x13
2025.11.12-17:01:28.884[31m error[39m [caliper] [ethereum-connector] 	Error: Returned error: Sender account not authorized to send transactions
2025.11.12-17:01:28.897[31m error[39m [caliper] [ethereum-connector] 	Failed tx on simple calling method transfer nonce 0x14
2025.11.12-17:01:28.897[31m error[39m [caliper] [ethereum-connector] 	Error: Returned error: Sender account not authorized to send transactions
2025.11.12-17:01:28.906[31m error[39m [caliper] [ethereum-connector] 	Failed tx on simple calling method transfer nonce 0x15
2025.11.12-17:01:28.906[31m error[39m [caliper] [ethereum-connector] 	Error: Returned error: Sender account not authorized to send transactions
2025.11.12-17:01:28.920[31m error[39m [caliper] [ethereum-connector] 	Failed tx on simple calling method transfer nonce 0x16
2025.11.12-17:01:28.920[31m error[39m [caliper] [ethereum-connector] 	Error: Returned error: Sender account not authorized to send transactions
2025.11.12-17:01:28.931[31m error[39m [caliper] [ethereum-connector] 	Failed tx on simple calling method transfer nonce 0x17
2025.11.12-17:01:28.931[31m error[39m [caliper] [ethereum-connector] 	Error: Returned error: Sender account not authorized to send transactions
2025.11.12-17:01:28.943[31m error[39m [caliper] [ethereum-connector] 	Failed tx on simple calling method transfer nonce 0x18
2025.11.12-17:01:28.944[31m error[39m [caliper] [ethereum-connector] 	Error: Returned error: Sender account not authorized to send transactions
2025.11.12-17:01:28.956[31m error[39m [caliper] [ethereum-connector] 	Failed tx on simple calling method transfer nonce 0x19
2025.11.12-17:01:28.956[31m error[39m [caliper] [ethereum-connector] 	Error: Returned error: Sender account not authorized to send transactions
2025.11.12-17:01:28.965[31m error[39m [caliper] [ethereum-connector] 	Failed tx on simple calling method transfer nonce 0x1a
2025.11.12-17:01:28.965[31m error[39m [caliper] [ethereum-connector] 	Error: Returned error: Sender account not authorized to send transactions
2025.11.12-17:01:28.974[31m error[39m [caliper] [ethereum-connector] 	Failed tx on simple calling method transfer nonce 0x1b
2025.11.12-17:01:28.974[31m error[39m [caliper] [ethereum-connector] 	Error: Returned error: Sender account not authorized to send transactions
2025.11.12-17:01:28.988[31m error[39m [caliper] [ethereum-connector] 	Failed tx on simple calling method transfer nonce 0x1c
2025.11.12-17:01:28.988[31m error[39m [caliper] [ethereum-connector] 	Error: Returned error: Sender account not authorized to send transactions
2025.11.12-17:01:29.001[31m error[39m [caliper] [ethereum-connector] 	Failed tx on simple calling method transfer nonce 0x1d
2025.11.12-17:01:29.001[31m error[39m [caliper] [ethereum-connector] 	Error: Returned error: Sender account not authorized to send transactions
2025.11.12-17:01:29.011[31m error[39m [caliper] [ethereum-connector] 	Failed tx on simple calling method transfer nonce 0x1e
2025.11.12-17:01:29.011[31m error[39m [caliper] [ethereum-connector] 	Error: Returned error: Sender account not authorized to send transactions
2025.11.12-17:01:29.019[31m error[39m [caliper] [ethereum-connector] 	Failed tx on simple calling method transfer nonce 0x1f
2025.11.12-17:01:29.020[31m error[39m [caliper] [ethereum-connector] 	Error: Returned error: Sender account not authorized to send transactions
2025.11.12-17:01:29.028[31m error[39m [caliper] [ethereum-connector] 	Failed tx on simple calling method transfer nonce 0x20
2025.11.12-17:01:29.028[31m error[39m [caliper] [ethereum-connector] 	Error: Returned error: Sender account not authorized to send transactions
2025.11.12-17:01:29.036[31m error[39m [caliper] [ethereum-connector] 	Failed tx on simple calling method transfer nonce 0x21
2025.11.12-17:01:29.037[31m error[39m [caliper] [ethereum-connector] 	Error: Returned error: Sender account not authorized to send transactions
2025.11.12-17:01:29.047[31m error[39m [caliper] [ethereum-connector] 	Failed tx on simple calling method transfer nonce 0x22
2025.11.12-17:01:29.048[31m error[39m [caliper] [ethereum-connector] 	Error: Returned error: Sender account not authorized to send transactions
2025.11.12-17:01:29.059[31m error[39m [caliper] [ethereum-connector] 	Failed tx on simple calling method transfer nonce 0x23
2025.11.12-17:01:29.059[31m error[39m [caliper] [ethereum-connector] 	Error: Returned error: Sender account not authorized to send transactions
2025.11.12-17:01:29.070[31m error[39m [caliper] [ethereum-connector] 	Failed tx on simple calling method transfer nonce 0x24
2025.11.12-17:01:29.070[31m error[39m [caliper] [ethereum-connector] 	Error: Returned error: Sender account not authorized to send transactions
2025.11.12-17:01:29.081[31m error[39m [caliper] [ethereum-connector] 	Failed tx on simple calling method transfer nonce 0x25
2025.11.12-17:01:29.081[31m error[39m [caliper] [ethereum-connector] 	Error: Returned error: Sender account not authorized to send transactions
2025.11.12-17:01:29.091[31m error[39m [caliper] [ethereum-connector] 	Failed tx on simple calling method transfer nonce 0x26
2025.11.12-17:01:29.091[31m error[39m [caliper] [ethereum-connector] 	Error: Returned error: Sender account not authorized to send transactions
2025.11.12-17:01:29.100[31m error[39m [caliper] [ethereum-connector] 	Failed tx on simple calling method transfer nonce 0x27
2025.11.12-17:01:29.100[31m error[39m [caliper] [ethereum-connector] 	Error: Returned error: Sender account not authorized to send transactions
2025.11.12-17:01:29.110[31m error[39m [caliper] [ethereum-connector] 	Failed tx on simple calling method transfer nonce 0x28
2025.11.12-17:01:29.111[31m error[39m [caliper] [ethereum-connector] 	Error: Returned error: Sender account not authorized to send transactions
2025.11.12-17:01:29.120[31m error[39m [caliper] [ethereum-connector] 	Failed tx on simple calling method transfer nonce 0x29
2025.11.12-17:01:29.120[31m error[39m [caliper] [ethereum-connector] 	Error: Returned error: Sender account not authorized to send transactions
2025.11.12-17:01:29.128[31m error[39m [caliper] [ethereum-connector] 	Failed tx on simple calling method transfer nonce 0x2a
2025.11.12-17:01:29.128[31m error[39m [caliper] [ethereum-connector] 	Error: Returned error: Sender account not authorized to send transactions
2025.11.12-17:01:29.137[31m error[39m [caliper] [ethereum-connector] 	Failed tx on simple calling method transfer nonce 0x2b
2025.11.12-17:01:29.137[31m error[39m [caliper] [ethereum-connector] 	Error: Returned error: Sender account not authorized to send transactions
2025.11.12-17:01:29.146[31m error[39m [caliper] [ethereum-connector] 	Failed tx on simple calling method transfer nonce 0x2c
2025.11.12-17:01:29.146[31m error[39m [caliper] [ethereum-connector] 	Error: Returned error: Sender account not authorized to send transactions
2025.11.12-17:01:29.155[31m error[39m [caliper] [ethereum-connector] 	Failed tx on simple calling method transfer nonce 0x2d
2025.11.12-17:01:29.155[31m error[39m [caliper] [ethereum-connector] 	Error: Returned error: Sender account not authorized to send transactions
2025.11.12-17:01:29.165[31m error[39m [caliper] [ethereum-connector] 	Failed tx on simple calling method transfer nonce 0x2e
2025.11.12-17:01:29.165[31m error[39m [caliper] [ethereum-connector] 	Error: Returned error: Sender account not authorized to send transactions
2025.11.12-17:01:29.174[31m error[39m [caliper] [ethereum-connector] 	Failed tx on simple calling method transfer nonce 0x2f
2025.11.12-17:01:29.174[31m error[39m [caliper] [ethereum-connector] 	Error: Returned error: Sender account not authorized to send transactions
2025.11.12-17:01:29.176[31m error[39m [caliper] [ethereum-connector] 	Failed tx on simple calling method transfer nonce 0x30
2025.11.12-17:01:29.176[31m error[39m [caliper] [ethereum-connector] 	Error: Returned error: Sender account not authorized to send transactions
2025.11.12-17:01:29.177[31m error[39m [caliper] [ethereum-connector] 	Failed tx on simple calling method transfer nonce 0x31
2025.11.12-17:01:29.177[31m error[39m [caliper] [ethereum-connector] 	Error: Returned error: Sender account not authorized to send transactions
2025.11.12-17:01:30.268[32m info [39m [caliper] [worker-message-handler] 	Worker#0 finished Round#0
