2025.11.12-16:43:47.884[32m info [39m [caliper] [cli-launch-manager] 	Binding specification is present, performing binding for "besu:latest"
2025.11.12-16:43:47.889[33m warn [39m [caliper] [bind] 	Working directory not specified. Using "/home/cpqd/Documentos/Hyperleadger-Caliper"
2025.11.12-16:43:47.890[32m info [39m [caliper] [bind] 	Binding for besu@latest. This might take some time...
2025.11.12-16:43:47.890[32m info [39m [caliper] [bind] 	Using working directory: /home/cpqd/Documentos/Hyperleadger-Caliper
2025.11.12-16:43:47.891[32m info [39m [caliper] [bind] 	Calling npm with: install web3@1.3.0

up to date, audited 821 packages in 5s

68 packages are looking for funding
  run `npm fund` for details

58 vulnerabilities (5 low, 10 moderate, 17 high, 26 critical)

To address issues that do not require attention, run:
  npm audit fix

To address all issues (including breaking changes), run:
  npm audit fix --force

Run `npm audit` for details.
2025.11.12-16:43:53.511[32m info [39m [caliper] [cli-launch-manager] 	Set workspace path: /home/cpqd/Documentos/Hyperleadger-Caliper
2025.11.12-16:43:53.512[32m info [39m [caliper] [cli-launch-manager] 	Set benchmark configuration path: /home/cpqd/Documentos/Hyperleadger-Caliper/benchmarks/scenario-monitoring/Simple/config-transfer.yaml
2025.11.12-16:43:53.512[32m info [39m [caliper] [cli-launch-manager] 	Set network configuration path: /home/cpqd/Documentos/Hyperleadger-Caliper/networks/besu/networkconfig.json
2025.11.12-16:43:53.512[32m info [39m [caliper] [cli-launch-manager] 	Set SUT type: ethereum
2025.11.12-16:43:54.432[32m info [39m [caliper] [benchmark-validator] 	No observer specified, will default to `none`
2025.11.12-16:43:54.435[32m info [39m [caliper] [caliper-engine] 	Starting benchmark flow
2025.11.12-16:43:54.436[32m info [39m [caliper] [caliper-engine] 	Network configuration attribute "caliper.command.start" is not present, skipping start command
2025.11.12-16:43:54.461[32m info [39m [caliper] [caliper-engine] 	Executed "init" step in 0 seconds
2025.11.12-16:43:54.463[32m info [39m [caliper] [caliper-engine] 	Skipping install smart contract phase due to benchmark flow conditioning
2025.11.12-16:43:54.469[32m info [39m [caliper] [monitor.js] 	Attempting to create resource monitor of type docker
2025.11.12-16:43:54.473[32m info [39m [caliper] [default-observer] 	Observer interval set to 5000 milliseconds
2025.11.12-16:43:54.482[32m info [39m [caliper] [round-orchestrator] 	Preparing worker connections
2025.11.12-16:43:54.483[32m info [39m [caliper] [worker-orchestrator] 	Launching worker 1 of 1
2025.11.12-16:43:54.493[32m info [39m [caliper] [worker-orchestrator] 	Messenger not configured, entering configure phase...
2025.11.12-16:43:54.497[32m info [39m [caliper] [worker-orchestrator] 	No existing workers detected, entering worker launch phase...
2025.11.12-16:43:54.499[32m info [39m [caliper] [worker-orchestrator] 	Waiting for 1 workers to be connected...
2025.11.12-16:43:55.137[32m info [39m [caliper] [cli-launch-worker] 	Worker is a locally forked process, skipping binding step already performed by the manager process
2025.11.12-16:43:55.139[32m info [39m [caliper] [cli-launch-worker] 	Set workspace path: /home/cpqd/Documentos/Hyperleadger-Caliper
2025.11.12-16:43:55.139[32m info [39m [caliper] [cli-launch-worker] 	Set benchmark configuration path: /home/cpqd/Documentos/Hyperleadger-Caliper/benchmarks/scenario-monitoring/Simple/config-transfer.yaml
2025.11.12-16:43:55.139[32m info [39m [caliper] [cli-launch-worker] 	Set network configuration path: /home/cpqd/Documentos/Hyperleadger-Caliper/networks/besu/networkconfig.json
2025.11.12-16:43:55.140[32m info [39m [caliper] [cli-launch-worker] 	Set SUT type: ethereum
2025.11.12-16:43:56.004[32m info [39m [caliper] [worker-orchestrator] 	1 workers connected, progressing to worker assignment phase.
2025.11.12-16:43:56.005[32m info [39m [caliper] [worker-orchestrator] 	Workers currently unassigned, awaiting index assignment...
2025.11.12-16:43:56.005[32m info [39m [caliper] [worker-orchestrator] 	Waiting for 1 workers to be assigned...
2025.11.12-16:43:56.287[32m info [39m [caliper] [worker-orchestrator] 	1 workers assigned, progressing to worker initialization phase.
2025.11.12-16:43:56.287[32m info [39m [caliper] [worker-orchestrator] 	Waiting for 1 workers to be ready...
2025.11.12-16:43:56.289[32m info [39m [caliper] [worker-message-handler] 	Initializing Worker#0...
2025.11.12-16:43:56.313[32m info [39m [caliper] [worker-message-handler] 	Worker#0 initialized
2025.11.12-16:43:56.315[32m info [39m [caliper] [worker-orchestrator] 	1 workers ready, progressing to test preparation phase.
2025.11.12-16:43:56.315[32m info [39m [caliper] [round-orchestrator] 	Started round 1 (transfer)
2025.11.12-16:43:56.318[32m info [39m [caliper] [worker-message-handler] 	Preparing Worker#0 for Round#0
2025.11.12-16:43:56.394[32m info [39m [caliper] [caliper-worker] 	Info: worker 0 prepare test phase for round 0 is starting...
2025.11.12-16:43:56.397[32m info [39m [caliper] [caliper-worker] 	Info: worker 0 prepare test phase for round 0 is completed
2025.11.12-16:43:56.397[32m info [39m [caliper] [worker-message-handler] 	Worker#0 prepared for Round#0
2025.11.12-16:43:56.399[32m info [39m [caliper] [worker-orchestrator] 	1 workers prepared, progressing to test phase.
2025.11.12-16:43:58.445[32m info [39m [caliper] [round-orchestrator] 	Monitors successfully started
2025.11.12-16:43:58.447[32m info [39m [caliper] [worker-message-handler] 	Worker#0 is starting Round#0
2025.11.12-16:43:58.463[32m info [39m [caliper] [caliper-worker] 	Worker #0 starting workload loop
2025.11.12-16:43:58.544[31m error[39m [caliper] [ethereum-connector] 	Failed tx on simple calling method transfer nonce 0x0
2025.11.12-16:43:58.544[31m error[39m [caliper] [ethereum-connector] 	Error: Returned error: Sender account not authorized to send transactions
2025.11.12-16:43:58.558[31m error[39m [caliper] [ethereum-connector] 	Failed tx on simple calling method transfer nonce 0x1
2025.11.12-16:43:58.559[31m error[39m [caliper] [ethereum-connector] 	Error: Returned error: Sender account not authorized to send transactions
2025.11.12-16:43:58.576[31m error[39m [caliper] [ethereum-connector] 	Failed tx on simple calling method transfer nonce 0x2
2025.11.12-16:43:58.576[31m error[39m [caliper] [ethereum-connector] 	Error: Returned error: Sender account not authorized to send transactions
2025.11.12-16:43:58.588[31m error[39m [caliper] [ethereum-connector] 	Failed tx on simple calling method transfer nonce 0x3
2025.11.12-16:43:58.589[31m error[39m [caliper] [ethereum-connector] 	Error: Returned error: Sender account not authorized to send transactions
2025.11.12-16:43:58.604[31m error[39m [caliper] [ethereum-connector] 	Failed tx on simple calling method transfer nonce 0x4
2025.11.12-16:43:58.604[31m error[39m [caliper] [ethereum-connector] 	Error: Returned error: Sender account not authorized to send transactions
2025.11.12-16:43:58.622[31m error[39m [caliper] [ethereum-connector] 	Failed tx on simple calling method transfer nonce 0x5
2025.11.12-16:43:58.622[31m error[39m [caliper] [ethereum-connector] 	Error: Returned error: Sender account not authorized to send transactions
2025.11.12-16:43:58.636[31m error[39m [caliper] [ethereum-connector] 	Failed tx on simple calling method transfer nonce 0x6
2025.11.12-16:43:58.636[31m error[39m [caliper] [ethereum-connector] 	Error: Returned error: Sender account not authorized to send transactions
2025.11.12-16:43:58.649[31m error[39m [caliper] [ethereum-connector] 	Failed tx on simple calling method transfer nonce 0x7
2025.11.12-16:43:58.649[31m error[39m [caliper] [ethereum-connector] 	Error: Returned error: Sender account not authorized to send transactions
2025.11.12-16:43:58.660[31m error[39m [caliper] [ethereum-connector] 	Failed tx on simple calling method transfer nonce 0x8
2025.11.12-16:43:58.660[31m error[39m [caliper] [ethereum-connector] 	Error: Returned error: Sender account not authorized to send transactions
2025.11.12-16:43:58.675[31m error[39m [caliper] [ethereum-connector] 	Failed tx on simple calling method transfer nonce 0x9
2025.11.12-16:43:58.676[31m error[39m [caliper] [ethereum-connector] 	Error: Returned error: Sender account not authorized to send transactions
2025.11.12-16:43:58.690[31m error[39m [caliper] [ethereum-connector] 	Failed tx on simple calling method transfer nonce 0xa
2025.11.12-16:43:58.690[31m error[39m [caliper] [ethereum-connector] 	Error: Returned error: Sender account not authorized to send transactions
2025.11.12-16:43:58.701[31m error[39m [caliper] [ethereum-connector] 	Failed tx on simple calling method transfer nonce 0xb
2025.11.12-16:43:58.701[31m error[39m [caliper] [ethereum-connector] 	Error: Returned error: Sender account not authorized to send transactions
2025.11.12-16:43:58.712[31m error[39m [caliper] [ethereum-connector] 	Failed tx on simple calling method transfer nonce 0xc
2025.11.12-16:43:58.712[31m error[39m [caliper] [ethereum-connector] 	Error: Returned error: Sender account not authorized to send transactions
2025.11.12-16:43:58.723[31m error[39m [caliper] [ethereum-connector] 	Failed tx on simple calling method transfer nonce 0xd
2025.11.12-16:43:58.723[31m error[39m [caliper] [ethereum-connector] 	Error: Returned error: Sender account not authorized to send transactions
2025.11.12-16:43:58.733[31m error[39m [caliper] [ethereum-connector] 	Failed tx on simple calling method transfer nonce 0xe
2025.11.12-16:43:58.733[31m error[39m [caliper] [ethereum-connector] 	Error: Returned error: Sender account not authorized to send transactions
2025.11.12-16:43:58.748[31m error[39m [caliper] [ethereum-connector] 	Failed tx on simple calling method transfer nonce 0xf
2025.11.12-16:43:58.748[31m error[39m [caliper] [ethereum-connector] 	Error: Returned error: Sender account not authorized to send transactions
2025.11.12-16:43:58.759[31m error[39m [caliper] [ethereum-connector] 	Failed tx on simple calling method transfer nonce 0x10
2025.11.12-16:43:58.759[31m error[39m [caliper] [ethereum-connector] 	Error: Returned error: Sender account not authorized to send transactions
2025.11.12-16:43:58.774[31m error[39m [caliper] [ethereum-connector] 	Failed tx on simple calling method transfer nonce 0x11
2025.11.12-16:43:58.774[31m error[39m [caliper] [ethereum-connector] 	Error: Returned error: Sender account not authorized to send transactions
2025.11.12-16:43:58.785[31m error[39m [caliper] [ethereum-connector] 	Failed tx on simple calling method transfer nonce 0x12
2025.11.12-16:43:58.785[31m error[39m [caliper] [ethereum-connector] 	Error: Returned error: Sender account not authorized to send transactions
2025.11.12-16:43:58.795[31m error[39m [caliper] [ethereum-connector] 	Failed tx on simple calling method transfer nonce 0x13
2025.11.12-16:43:58.796[31m error[39m [caliper] [ethereum-connector] 	Error: Returned error: Sender account not authorized to send transactions
2025.11.12-16:43:58.806[31m error[39m [caliper] [ethereum-connector] 	Failed tx on simple calling method transfer nonce 0x14
2025.11.12-16:43:58.806[31m error[39m [caliper] [ethereum-connector] 	Error: Returned error: Sender account not authorized to send transactions
2025.11.12-16:43:58.819[31m error[39m [caliper] [ethereum-connector] 	Failed tx on simple calling method transfer nonce 0x15
2025.11.12-16:43:58.820[31m error[39m [caliper] [ethereum-connector] 	Error: Returned error: Sender account not authorized to send transactions
2025.11.12-16:43:58.834[31m error[39m [caliper] [ethereum-connector] 	Failed tx on simple calling method transfer nonce 0x16
2025.11.12-16:43:58.834[31m error[39m [caliper] [ethereum-connector] 	Error: Returned error: Sender account not authorized to send transactions
2025.11.12-16:43:58.846[31m error[39m [caliper] [ethereum-connector] 	Failed tx on simple calling method transfer nonce 0x17
2025.11.12-16:43:58.846[31m error[39m [caliper] [ethereum-connector] 	Error: Returned error: Sender account not authorized to send transactions
2025.11.12-16:43:58.857[31m error[39m [caliper] [ethereum-connector] 	Failed tx on simple calling method transfer nonce 0x18
2025.11.12-16:43:58.858[31m error[39m [caliper] [ethereum-connector] 	Error: Returned error: Sender account not authorized to send transactions
2025.11.12-16:43:58.869[31m error[39m [caliper] [ethereum-connector] 	Failed tx on simple calling method transfer nonce 0x19
2025.11.12-16:43:58.869[31m error[39m [caliper] [ethereum-connector] 	Error: Returned error: Sender account not authorized to send transactions
2025.11.12-16:43:58.881[31m error[39m [caliper] [ethereum-connector] 	Failed tx on simple calling method transfer nonce 0x1a
2025.11.12-16:43:58.882[31m error[39m [caliper] [ethereum-connector] 	Error: Returned error: Sender account not authorized to send transactions
2025.11.12-16:43:58.896[31m error[39m [caliper] [ethereum-connector] 	Failed tx on simple calling method transfer nonce 0x1b
2025.11.12-16:43:58.896[31m error[39m [caliper] [ethereum-connector] 	Error: Returned error: Sender account not authorized to send transactions
2025.11.12-16:43:58.910[31m error[39m [caliper] [ethereum-connector] 	Failed tx on simple calling method transfer nonce 0x1c
2025.11.12-16:43:58.910[31m error[39m [caliper] [ethereum-connector] 	Error: Returned error: Sender account not authorized to send transactions
2025.11.12-16:43:58.923[31m error[39m [caliper] [ethereum-connector] 	Failed tx on simple calling method transfer nonce 0x1d
2025.11.12-16:43:58.923[31m error[39m [caliper] [ethereum-connector] 	Error: Returned error: Sender account not authorized to send transactions
2025.11.12-16:43:58.934[31m error[39m [caliper] [ethereum-connector] 	Failed tx on simple calling method transfer nonce 0x1e
2025.11.12-16:43:58.934[31m error[39m [caliper] [ethereum-connector] 	Error: Returned error: Sender account not authorized to send transactions
2025.11.12-16:43:58.946[31m error[39m [caliper] [ethereum-connector] 	Failed tx on simple calling method transfer nonce 0x1f
2025.11.12-16:43:58.947[31m error[39m [caliper] [ethereum-connector] 	Error: Returned error: Sender account not authorized to send transactions
2025.11.12-16:43:58.959[31m error[39m [caliper] [ethereum-connector] 	Failed tx on simple calling method transfer nonce 0x20
2025.11.12-16:43:58.959[31m error[39m [caliper] [ethereum-connector] 	Error: Returned error: Sender account not authorized to send transactions
2025.11.12-16:43:58.969[31m error[39m [caliper] [ethereum-connector] 	Failed tx on simple calling method transfer nonce 0x21
2025.11.12-16:43:58.969[31m error[39m [caliper] [ethereum-connector] 	Error: Returned error: Sender account not authorized to send transactions
2025.11.12-16:43:58.979[31m error[39m [caliper] [ethereum-connector] 	Failed tx on simple calling method transfer nonce 0x22
2025.11.12-16:43:58.980[31m error[39m [caliper] [ethereum-connector] 	Error: Returned error: Sender account not authorized to send transactions
2025.11.12-16:43:58.994[31m error[39m [caliper] [ethereum-connector] 	Failed tx on simple calling method transfer nonce 0x23
2025.11.12-16:43:58.994[31m error[39m [caliper] [ethereum-connector] 	Error: Returned error: Sender account not authorized to send transactions
2025.11.12-16:43:59.008[31m error[39m [caliper] [ethereum-connector] 	Failed tx on simple calling method transfer nonce 0x24
2025.11.12-16:43:59.008[31m error[39m [caliper] [ethereum-connector] 	Error: Returned error: Sender account not authorized to send transactions
2025.11.12-16:43:59.023[31m error[39m [caliper] [ethereum-connector] 	Failed tx on simple calling method transfer nonce 0x25
2025.11.12-16:43:59.023[31m error[39m [caliper] [ethereum-connector] 	Error: Returned error: Sender account not authorized to send transactions
2025.11.12-16:43:59.044[31m error[39m [caliper] [ethereum-connector] 	Failed tx on simple calling method transfer nonce 0x26
2025.11.12-16:43:59.045[31m error[39m [caliper] [ethereum-connector] 	Error: Returned error: Sender account not authorized to send transactions
2025.11.12-16:43:59.061[31m error[39m [caliper] [ethereum-connector] 	Failed tx on simple calling method transfer nonce 0x27
2025.11.12-16:43:59.062[31m error[39m [caliper] [ethereum-connector] 	Error: Returned error: Sender account not authorized to send transactions
2025.11.12-16:43:59.062[31m error[39m [caliper] [ethereum-connector] 	Failed tx on simple calling method transfer nonce 0x28
2025.11.12-16:43:59.062[31m error[39m [caliper] [ethereum-connector] 	Error: Returned error: Sender account not authorized to send transactions
2025.11.12-16:43:59.157[31m error[39m [caliper] [ethereum-connector] 	Failed tx on simple calling method transfer nonce 0x29
2025.11.12-16:43:59.157[31m error[39m [caliper] [ethereum-connector] 	Error: Returned error: Sender account not authorized to send transactions
2025.11.12-16:43:59.214[31m error[39m [caliper] [ethereum-connector] 	Failed tx on simple calling method transfer nonce 0x2a
2025.11.12-16:43:59.214[31m error[39m [caliper] [ethereum-connector] 	Error: Returned error: Sender account not authorized to send transactions
2025.11.12-16:43:59.260[31m error[39m [caliper] [ethereum-connector] 	Failed tx on simple calling method transfer nonce 0x2b
2025.11.12-16:43:59.263[31m error[39m [caliper] [ethereum-connector] 	Error: Returned error: Sender account not authorized to send transactions
2025.11.12-16:43:59.284[31m error[39m [caliper] [ethereum-connector] 	Failed tx on simple calling method transfer nonce 0x2c
2025.11.12-16:43:59.286[31m error[39m [caliper] [ethereum-connector] 	Error: Returned error: Sender account not authorized to send transactions
2025.11.12-16:43:59.306[31m error[39m [caliper] [ethereum-connector] 	Failed tx on simple calling method transfer nonce 0x2d
2025.11.12-16:43:59.307[31m error[39m [caliper] [ethereum-connector] 	Error: Returned error: Sender account not authorized to send transactions
2025.11.12-16:43:59.326[31m error[39m [caliper] [ethereum-connector] 	Failed tx on simple calling method transfer nonce 0x2e
2025.11.12-16:43:59.327[31m error[39m [caliper] [ethereum-connector] 	Error: Returned error: Sender account not authorized to send transactions
2025.11.12-16:43:59.355[31m error[39m [caliper] [ethereum-connector] 	Failed tx on simple calling method transfer nonce 0x2f
2025.11.12-16:43:59.355[31m error[39m [caliper] [ethereum-connector] 	Error: Returned error: Sender account not authorized to send transactions
2025.11.12-16:43:59.358[31m error[39m [caliper] [ethereum-connector] 	Failed tx on simple calling method transfer nonce 0x30
2025.11.12-16:43:59.358[31m error[39m [caliper] [ethereum-connector] 	Error: Returned error: Sender account not authorized to send transactions
2025.11.12-16:43:59.358[31m error[39m [caliper] [ethereum-connector] 	Failed tx on simple calling method transfer nonce 0x31
2025.11.12-16:43:59.360[31m error[39m [caliper] [ethereum-connector] 	Error: Returned error: Sender account not authorized to send transactions
2025.11.12-16:44:00.434[32m info [39m [caliper] [worker-message-handler] 	Worker#0 finished Round#0
2025.11.12-16:44:05.454[32m info [39m [caliper] [default-observer] 	Resetting txCount indicator count
2025.11.12-16:44:05.455[32m info [39m [caliper] [report-builder] 	### Test result ###
2025.11.12-16:44:05.460[32m info [39m [caliper] [report-builder] 	
+----------+------+------+-----------------+-----------------+-----------------+-----------------+------------------+
| Name     | Succ | Fail | Send Rate (TPS) | Max Latency (s) | Min Latency (s) | Avg Latency (s) | Throughput (TPS) |
|----------|------|------|-----------------|-----------------|-----------------|-----------------|------------------|
| transfer | 0    | 50   | 57.9            | -               | -               | -               | 56.1             |
+----------+------+------+-----------------+-----------------+-----------------+-----------------+------------------+

2025.11.12-16:44:05.467[32m info [39m [caliper] [report-builder] 	### docker resource stats ###'
2025.11.12-16:44:05.469[32m info [39m [caliper] [report-builder] 	
+-------------+-----------+-----------+------------------+------------------+----------------+-----------------+----------------+---------------+
| Name        | CPU%(max) | CPU%(avg) | Memory(max) [MB] | Memory(avg) [MB] | Traffic In [B] | Traffic Out [B] | Disc Write [B] | Disc Read [B] |
|-------------|-----------|-----------|------------------|------------------|----------------|-----------------|----------------|---------------|
| /node-besu5 | 0.02      | 0.02      | 563              | 563              | 0.00           | 0.00            | 0.00           | 0.00          |
|-------------|-----------|-----------|------------------|------------------|----------------|-----------------|----------------|---------------|
| /node-besu6 | 0.01625   | 0.01625   | 473              | 473              | 0.00           | 0.00            | 0.00           | 0.00          |
|-------------|-----------|-----------|------------------|------------------|----------------|-----------------|----------------|---------------|
| /node-besu2 | 0.01875   | 0.01875   | 630              | 630              | 0.00           | 0.00            | 0.00           | 0.00          |
|-------------|-----------|-----------|------------------|------------------|----------------|-----------------|----------------|---------------|
| /node-besu3 | 0.02      | 0.02      | 632              | 632              | 0.00           | 0.00            | 0.00           | 0.00          |
|-------------|-----------|-----------|------------------|------------------|----------------|-----------------|----------------|---------------|
| /node-besu4 | 0.02375   | 0.02375   | 397              | 397              | 0.00           | 0.00            | 0.00           | 0.00          |
|-------------|-----------|-----------|------------------|------------------|----------------|-----------------|----------------|---------------|
| /node-besu1 | 0.02375   | 0.02375   | 498              | 498              | 0.00           | 0.00            | 0.00           | 0.00          |
+-------------+-----------+-----------+------------------+------------------+----------------+-----------------+----------------+---------------+

2025.11.12-16:44:05.469[32m info [39m [caliper] [round-orchestrator] 	Finished round 1 (transfer) in 0.972 seconds
2025.11.12-16:44:05.470[32m info [39m [caliper] [monitor.js] 	Stopping all monitors
2025.11.12-16:44:05.570[32m info [39m [caliper] [report-builder] 	### All test results ###
2025.11.12-16:44:05.571[32m info [39m [caliper] [report-builder] 	
+----------+------+------+-----------------+-----------------+-----------------+-----------------+------------------+
| Name     | Succ | Fail | Send Rate (TPS) | Max Latency (s) | Min Latency (s) | Avg Latency (s) | Throughput (TPS) |
|----------|------|------|-----------------|-----------------|-----------------|-----------------|------------------|
| transfer | 0    | 50   | 57.9            | -               | -               | -               | 56.1             |
+----------+------+------+-----------------+-----------------+-----------------+-----------------+------------------+

2025.11.12-16:44:05.581[32m info [39m [caliper] [report-builder] 	Generated report with path /home/cpqd/Documentos/Hyperleadger-Caliper/report.html
2025.11.12-16:44:05.581[32m info [39m [caliper] [monitor.js] 	Stopping all monitors
2025.11.12-16:44:05.581[32m info [39m [caliper] [worker-orchestrator] 	Sending exit message to connected workers
2025.11.12-16:44:05.582[32m info [39m [caliper] [round-orchestrator] 	Benchmark finished in 9.267 seconds. Total rounds: 1. Successful rounds: 1. Failed rounds: 0.
2025.11.12-16:44:05.582[32m info [39m [caliper] [caliper-engine] 	Network configuration attribute "caliper.command.end" is not present, skipping end command
2025.11.12-16:44:05.582[32m info [39m [caliper] [cli-launch-manager] 	Benchmark successfully finished
2025.11.12-16:44:05.582[32m info [39m [caliper] [worker-message-handler] 	Worker#0 is exiting
